TN:
SF:src/index.ts
FNF:18
FNH:17
DA:8,52
DA:9,24
DA:10,22
DA:11,22
DA:12,28
DA:13,26
DA:14,26
DA:15,24
DA:16,16
DA:17,4
DA:31,92
DA:32,46
DA:222,47
DA:223,98
DA:224,38
DA:225,34
DA:226,48
DA:227,42
DA:228,40
DA:229,38
DA:230,42
DA:231,82
DA:232,38
DA:233,42
DA:234,28
DA:235,30
DA:236,124
DA:237,38
DA:238,40
DA:239,80
DA:240,40
DA:241,128
DA:242,30
DA:243,38
DA:244,7
DA:247,16
DA:249,50
DA:251,88
DA:253,55
DA:260,25
DA:261,68
DA:268,40
DA:269,88
DA:276,31
DA:277,76
DA:284,25
DA:285,68
DA:292,34
DA:293,80
DA:300,46
DA:301,96
DA:308,37
DA:309,84
DA:317,58
DA:318,108
DA:326,40
DA:328,80
DA:330,90
DA:331,30
DA:332,74
DA:333,58
DA:334,58
DA:335,28
DA:336,8
DA:338,182
DA:339,188
DA:349,59
DA:350,72
DA:352,146
DA:353,46
DA:354,68
DA:356,84
DA:367,71
DA:368,72
DA:370,85
DA:371,66
DA:372,72
DA:373,3
DA:374,52
DA:375,80
DA:377,84
DA:383,23
DA:384,96
DA:385,128
DA:386,68
DA:387,64
DA:388,64
DA:389,64
DA:390,12
DA:399,42
DA:400,103
DA:401,140
DA:402,3
DA:404,90
DA:405,70
DA:406,70
DA:407,70
DA:408,76
DA:418,54
DA:419,125
DA:420,162
DA:421,3
DA:423,112
DA:424,70
DA:425,70
DA:426,70
DA:427,76
DA:434,45
DA:435,108
DA:436,136
DA:437,136
DA:438,136
DA:439,141
DA:441,2
DA:501,58
DA:502,65
DA:503,22
DA:504,17
DA:505,118
DA:506,34
DA:507,52
DA:508,88
DA:509,156
DA:510,122
DA:511,80
DA:512,94
DA:514,42
DA:516,46
DA:518,34
DA:520,34
DA:522,128
DA:524,76
DA:526,78
DA:528,66
DA:530,44
DA:532,34
DA:534,96
DA:535,8
LF:538
LH:138
end_of_record
