SF:/Users/craigoconnor/Documents/Projects/OpenS2/s2-tilejson/bin/dummy.rs
FN:4,_RNvCsdzuizyj3iNK_5dummy4main
FN:27,_RNCNvCsdzuizyj3iNK_5dummy4main0B3_
FNDA:0,_RNvCsdzuizyj3iNK_5dummy4main
FNDA:0,_RNCNvCsdzuizyj3iNK_5dummy4main0B3_
FNF:2
FNH:0
DA:4,0
DA:5,0
DA:6,0
DA:7,0
DA:8,0
DA:9,0
DA:10,0
DA:11,0
DA:12,0
DA:13,0
DA:14,0
DA:15,0
DA:16,0
DA:17,0
DA:18,0
DA:19,0
DA:20,0
DA:21,0
DA:22,0
DA:23,0
DA:24,0
DA:25,0
DA:26,0
DA:27,0
DA:28,0
DA:29,0
DA:30,0
DA:31,0
DA:32,0
DA:33,0
DA:34,0
DA:35,0
DA:36,0
DA:37,0
DA:38,0
DA:39,0
DA:40,0
DA:41,0
DA:42,0
DA:43,0
DA:44,0
DA:45,0
DA:46,0
DA:47,0
DA:48,0
DA:49,0
DA:50,0
DA:51,0
DA:52,0
DA:53,0
DA:54,0
DA:55,0
DA:56,0
DA:57,0
BRF:0
BRH:0
LF:55
LH:0
end_of_record
SF:/Users/craigoconnor/Documents/Projects/OpenS2/s2-tilejson/rust/lib.rs
FN:272,_RNvXs0_NvXNvCsCnQ6bPDWhW_11s2_tilejsons6_1__NtBa_8EncodingNtNtCsfVmLmSPNsva_5serde2de11Deserialize11deserializeNtB5_9___VisitorNtBW_7Visitor9expecting
FN:349,_RNvXs0_NvXNvCsCnQ6bPDWhW_11s2_tilejsonsa_1__NtBa_6SchemeNtNtCsfVmLmSPNsva_5serde2de11Deserialize11deserializeNtB5_9___VisitorNtBU_7Visitor9expecting
FN:65,_RINvXs0_CsCnQ6bPDWhW_11s2_tilejsonNtB6_8DrawTypeNtNtCsfVmLmSPNsva_5serde3ser9Serialize9serializeQINtNtCs8HlL1jlbeYQ_10serde_json3ser10SerializerQINtNtCs65WfBAlEhMS_5alloc3vec3VechEEEB6_
FN:75,_RINvXs1_CsCnQ6bPDWhW_11s2_tilejsonNtB6_8DrawTypeNtNtCsfVmLmSPNsva_5serde2de11Deserialize11deserializeINtNtNtNtBO_9___private2de7content22ContentRefDeserializerNtNtCs8HlL1jlbeYQ_10serde_json5error5ErrorEEB6_
FN:75,_RINvXs1_CsCnQ6bPDWhW_11s2_tilejsonNtB6_8DrawTypeNtNtCsfVmLmSPNsva_5serde2de11Deserialize11deserializeQINtNtCs8HlL1jlbeYQ_10serde_json2de12DeserializerNtNtB1H_4read7StrReadEEB6_
FN:261,_RINvXs5_CsCnQ6bPDWhW_11s2_tilejsonNtB6_10SourceTypeNtNtCsfVmLmSPNsva_5serde2de11Deserialize11deserializeINtNtNtNtBR_9___private2de7content22ContentRefDeserializerNtNtCs8HlL1jlbeYQ_10serde_json5error5ErrorEEB6_
FN:261,_RINvXs5_CsCnQ6bPDWhW_11s2_tilejsonNtB6_10SourceTypeNtNtCsfVmLmSPNsva_5serde2de11Deserialize11deserializeQINtNtCs8HlL1jlbeYQ_10serde_json2de12DeserializerNtNtB1K_4read7StrReadEEB6_
FN:96,_RINvXNvXNvCsCnQ6bPDWhW_11s2_tilejsons_1__NtB8_13LayerMetaDataNtNtCsfVmLmSPNsva_5serde2de11Deserialize11deserializeNtB3_14___FieldVisitorNtBZ_7Visitor9visit_u64NtNtCs8HlL1jlbeYQ_10serde_json5error5ErrorEB8_
FN:96,_RINvXNvXNvCsCnQ6bPDWhW_11s2_tilejsons_1__NtB8_13LayerMetaDataNtNtCsfVmLmSPNsva_5serde2de11Deserialize11deserializeNtB3_14___FieldVisitorNtBZ_7Visitor9visit_strNtNtCs8HlL1jlbeYQ_10serde_json5error5ErrorEB8_
FN:96,_RINvXNvXNvCsCnQ6bPDWhW_11s2_tilejsons_1__NtB8_13LayerMetaDataNtNtCsfVmLmSPNsva_5serde2de11Deserialize11deserializeNtB3_14___FieldVisitorNtBZ_7Visitor11visit_bytesNtNtCs8HlL1jlbeYQ_10serde_json5error5ErrorEB8_
FN:96,_RINvXs_NvXNvCsCnQ6bPDWhW_11s2_tilejsons_1__NtBa_13LayerMetaDataNtNtCsfVmLmSPNsva_5serde2de11Deserialize11deserializeNtB5_7___FieldBZ_11deserializeINtNtCs8HlL1jlbeYQ_10serde_json2de6MapKeyNtNtB2p_4read7StrReadEEBa_
FN:96,_RINvXs_NvXNvCsCnQ6bPDWhW_11s2_tilejsons_1__NtBa_13LayerMetaDataNtNtCsfVmLmSPNsva_5serde2de11Deserialize11deserializeNtB5_7___FieldBZ_11deserializeINtNtNtNtB13_9___private2de7content22ContentRefDeserializerNtNtCs8HlL1jlbeYQ_10serde_json5error5ErrorEEBa_
FN:96,_RINvXs0_NvXNvCsCnQ6bPDWhW_11s2_tilejsons_1__NtBb_13LayerMetaDataNtNtCsfVmLmSPNsva_5serde2de11Deserialize11deserializeNtB6_9___VisitorNtB12_7Visitor9visit_seqINtNtCs8HlL1jlbeYQ_10serde_json2de9SeqAccessNtNtB2A_4read7StrReadEEBb_
FN:96,_RINvXs0_NvXNvCsCnQ6bPDWhW_11s2_tilejsons_1__NtBb_13LayerMetaDataNtNtCsfVmLmSPNsva_5serde2de11Deserialize11deserializeNtB6_9___VisitorNtB12_7Visitor9visit_seqQINtNtB12_5value15SeqDeserializerINtNtNtNtCs84nKZOVMDSH_4core4iter8adapters3map3MapINtNtNtB3b_5slice4iter4IterNtNtNtNtB14_9___private2de7content7ContentENvMsk_B4j_INtB4j_22ContentRefDeserializerNtNtCs8HlL1jlbeYQ_10serde_json5error5ErrorE3newEB5D_EEBb_
FN:96,_RINvXs0_NvXNvCsCnQ6bPDWhW_11s2_tilejsons_1__NtBb_13LayerMetaDataNtNtCsfVmLmSPNsva_5serde2de11Deserialize11deserializeNtB6_9___VisitorNtB12_7Visitor9visit_mapINtNtCs8HlL1jlbeYQ_10serde_json2de9MapAccessNtNtB2A_4read7StrReadEEBb_
FN:96,_RINvXs0_NvXNvCsCnQ6bPDWhW_11s2_tilejsons_1__NtBb_13LayerMetaDataNtNtCsfVmLmSPNsva_5serde2de11Deserialize11deserializeNtB6_9___VisitorNtB12_7Visitor9visit_mapQINtNtB12_5value15MapDeserializerINtNtNtNtCs84nKZOVMDSH_4core4iter8adapters3map3MapINtNtNtB3b_5slice4iter4IterTNtNtNtNtB14_9___private2de7content7ContentB4i_EENCINvB4k_21visit_content_map_refB1R_NtNtCs8HlL1jlbeYQ_10serde_json5error5ErrorE0EB5E_EEBb_
FN:118,_RINvXNvXNvCsCnQ6bPDWhW_11s2_tilejsons1_1__NtB8_17TileStatsMetadataNtNtCsfVmLmSPNsva_5serde2de11Deserialize11deserializeNtB3_14___FieldVisitorNtB14_7Visitor9visit_u64NtNtCs8HlL1jlbeYQ_10serde_json5error5ErrorEB8_
FN:118,_RINvXNvXNvCsCnQ6bPDWhW_11s2_tilejsons1_1__NtB8_17TileStatsMetadataNtNtCsfVmLmSPNsva_5serde2de11Deserialize11deserializeNtB3_14___FieldVisitorNtB14_7Visitor9visit_strNtNtCs8HlL1jlbeYQ_10serde_json5error5ErrorEB8_
FN:118,_RINvXNvXNvCsCnQ6bPDWhW_11s2_tilejsons1_1__NtB8_17TileStatsMetadataNtNtCsfVmLmSPNsva_5serde2de11Deserialize11deserializeNtB3_14___FieldVisitorNtB14_7Visitor11visit_bytesNtNtCs8HlL1jlbeYQ_10serde_json5error5ErrorEB8_
FN:118,_RINvXs_NvXNvCsCnQ6bPDWhW_11s2_tilejsons1_1__NtBa_17TileStatsMetadataNtNtCsfVmLmSPNsva_5serde2de11Deserialize11deserializeNtB5_7___FieldB14_11deserializeINtNtCs8HlL1jlbeYQ_10serde_json2de6MapKeyNtNtB2v_4read7StrReadEEBa_
FN:118,_RINvXs_NvXNvCsCnQ6bPDWhW_11s2_tilejsons1_1__NtBa_17TileStatsMetadataNtNtCsfVmLmSPNsva_5serde2de11Deserialize11deserializeNtB5_7___FieldB14_11deserializeINtNtNtNtB18_9___private2de7content22ContentRefDeserializerNtNtCs8HlL1jlbeYQ_10serde_json5error5ErrorEEBa_
FN:118,_RINvXs0_NvXNvCsCnQ6bPDWhW_11s2_tilejsons1_1__NtBb_17TileStatsMetadataNtNtCsfVmLmSPNsva_5serde2de11Deserialize11deserializeNtB6_9___VisitorNtB17_7Visitor9visit_seqINtNtCs8HlL1jlbeYQ_10serde_json2de9SeqAccessNtNtB2F_4read7StrReadEEBb_
FN:118,_RINvXs0_NvXNvCsCnQ6bPDWhW_11s2_tilejsons1_1__NtBb_17TileStatsMetadataNtNtCsfVmLmSPNsva_5serde2de11Deserialize11deserializeNtB6_9___VisitorNtB17_7Visitor9visit_seqQINtNtB17_5value15SeqDeserializerINtNtNtNtCs84nKZOVMDSH_4core4iter8adapters3map3MapINtNtNtB3g_5slice4iter4IterNtNtNtNtB19_9___private2de7content7ContentENvMsk_B4o_INtB4o_22ContentRefDeserializerNtNtCs8HlL1jlbeYQ_10serde_json5error5ErrorE3newEB5I_EEBb_
FN:118,_RINvXs0_NvXNvCsCnQ6bPDWhW_11s2_tilejsons1_1__NtBb_17TileStatsMetadataNtNtCsfVmLmSPNsva_5serde2de11Deserialize11deserializeNtB6_9___VisitorNtB17_7Visitor9visit_mapINtNtCs8HlL1jlbeYQ_10serde_json2de9MapAccessNtNtB2F_4read7StrReadEEBb_
FN:118,_RINvXs0_NvXNvCsCnQ6bPDWhW_11s2_tilejsons1_1__NtBb_17TileStatsMetadataNtNtCsfVmLmSPNsva_5serde2de11Deserialize11deserializeNtB6_9___VisitorNtB17_7Visitor9visit_mapQINtNtB17_5value15MapDeserializerINtNtNtNtCs84nKZOVMDSH_4core4iter8adapters3map3MapINtNtNtB3g_5slice4iter4IterTNtNtNtNtB19_9___private2de7content7ContentB4n_EENCINvB4p_21visit_content_map_refB1W_NtNtCs8HlL1jlbeYQ_10serde_json5error5ErrorE0EB5J_EEBb_
FN:174,_RINvXNvXNvCsCnQ6bPDWhW_11s2_tilejsons3_1__NtB8_10FaceBoundsNtNtCsfVmLmSPNsva_5serde2de11Deserialize11deserializeNtB3_14___FieldVisitorNtBX_7Visitor9visit_u64NtNtCs8HlL1jlbeYQ_10serde_json5error5ErrorEB8_
FN:174,_RINvXNvXNvCsCnQ6bPDWhW_11s2_tilejsons3_1__NtB8_10FaceBoundsNtNtCsfVmLmSPNsva_5serde2de11Deserialize11deserializeNtB3_14___FieldVisitorNtBX_7Visitor9visit_strNtNtCs8HlL1jlbeYQ_10serde_json5error5ErrorEB8_
FN:174,_RINvXNvXNvCsCnQ6bPDWhW_11s2_tilejsons3_1__NtB8_10FaceBoundsNtNtCsfVmLmSPNsva_5serde2de11Deserialize11deserializeNtB3_14___FieldVisitorNtBX_7Visitor11visit_bytesNtNtCs8HlL1jlbeYQ_10serde_json5error5ErrorEB8_
FN:174,_RINvXs_NvXNvCsCnQ6bPDWhW_11s2_tilejsons3_1__NtBa_10FaceBoundsNtNtCsfVmLmSPNsva_5serde2de11Deserialize11deserializeNtB5_7___FieldBX_11deserializeINtNtCs8HlL1jlbeYQ_10serde_json2de6MapKeyNtNtB2n_4read7StrReadEEBa_
FN:174,_RINvXs_NvXNvCsCnQ6bPDWhW_11s2_tilejsons3_1__NtBa_10FaceBoundsNtNtCsfVmLmSPNsva_5serde2de11Deserialize11deserializeNtB5_7___FieldBX_11deserializeINtNtNtNtB11_9___private2de7content22ContentRefDeserializerNtNtCs8HlL1jlbeYQ_10serde_json5error5ErrorEEBa_
FN:174,_RINvXs0_NvXNvCsCnQ6bPDWhW_11s2_tilejsons3_1__NtBb_10FaceBoundsNtNtCsfVmLmSPNsva_5serde2de11Deserialize11deserializeNtB6_9___VisitorNtB10_7Visitor9visit_seqINtNtCs8HlL1jlbeYQ_10serde_json2de9SeqAccessNtNtB2y_4read7StrReadEEBb_
FN:174,_RINvXs0_NvXNvCsCnQ6bPDWhW_11s2_tilejsons3_1__NtBb_10FaceBoundsNtNtCsfVmLmSPNsva_5serde2de11Deserialize11deserializeNtB6_9___VisitorNtB10_7Visitor9visit_seqQINtNtB10_5value15SeqDeserializerINtNtNtNtCs84nKZOVMDSH_4core4iter8adapters3map3MapINtNtNtB39_5slice4iter4IterNtNtNtNtB12_9___private2de7content7ContentENvMsk_B4h_INtB4h_22ContentRefDeserializerNtNtCs8HlL1jlbeYQ_10serde_json5error5ErrorE3newEB5B_EEBb_
FN:174,_RINvXs0_NvXNvCsCnQ6bPDWhW_11s2_tilejsons3_1__NtBb_10FaceBoundsNtNtCsfVmLmSPNsva_5serde2de11Deserialize11deserializeNtB6_9___VisitorNtB10_7Visitor9visit_mapINtNtCs8HlL1jlbeYQ_10serde_json2de9MapAccessNtNtB2y_4read7StrReadEEBb_
FN:174,_RINvXs0_NvXNvCsCnQ6bPDWhW_11s2_tilejsons3_1__NtBb_10FaceBoundsNtNtCsfVmLmSPNsva_5serde2de11Deserialize11deserializeNtB6_9___VisitorNtB10_7Visitor9visit_mapQINtNtB10_5value15MapDeserializerINtNtNtNtCs84nKZOVMDSH_4core4iter8adapters3map3MapINtNtNtB39_5slice4iter4IterTNtNtNtNtB12_9___private2de7content7ContentB4g_EENCINvB4i_21visit_content_map_refB1P_NtNtCs8HlL1jlbeYQ_10serde_json5error5ErrorE0EB5C_EEBb_
FN:272,_RINvXNvXNvCsCnQ6bPDWhW_11s2_tilejsons6_1__NtB8_8EncodingNtNtCsfVmLmSPNsva_5serde2de11Deserialize11deserializeNtB3_14___FieldVisitorNtBU_7Visitor9visit_u64NtNtCs8HlL1jlbeYQ_10serde_json5error5ErrorEB8_
FN:272,_RINvXNvXNvCsCnQ6bPDWhW_11s2_tilejsons6_1__NtB8_8EncodingNtNtCsfVmLmSPNsva_5serde2de11Deserialize11deserializeNtB3_14___FieldVisitorNtBU_7Visitor9visit_strNtNtCs8HlL1jlbeYQ_10serde_json5error5ErrorEB8_
FN:272,_RINvXNvXNvCsCnQ6bPDWhW_11s2_tilejsons6_1__NtB8_8EncodingNtNtCsfVmLmSPNsva_5serde2de11Deserialize11deserializeNtB3_14___FieldVisitorNtBU_7Visitor11visit_bytesNtNtCs8HlL1jlbeYQ_10serde_json5error5ErrorEB8_
FN:272,_RINvXs_NvXNvCsCnQ6bPDWhW_11s2_tilejsons6_1__NtBa_8EncodingNtNtCsfVmLmSPNsva_5serde2de11Deserialize11deserializeNtB5_7___FieldBU_11deserializeINtNtNtNtBY_9___private2de7content22ContentRefDeserializerNtNtCs8HlL1jlbeYQ_10serde_json5error5ErrorEEBa_
FN:272,_RINvXs_NvXNvCsCnQ6bPDWhW_11s2_tilejsons6_1__NtBa_8EncodingNtNtCsfVmLmSPNsva_5serde2de11Deserialize11deserializeNtB5_7___FieldBU_11deserializeQINtNtCs8HlL1jlbeYQ_10serde_json2de12DeserializerNtNtB2l_4read7StrReadEEBa_
FN:272,_RINvXs0_NvXNvCsCnQ6bPDWhW_11s2_tilejsons6_1__NtBb_8EncodingNtNtCsfVmLmSPNsva_5serde2de11Deserialize11deserializeNtB6_9___VisitorNtBX_7Visitor10visit_enumINtNtCs8HlL1jlbeYQ_10serde_json2de13VariantAccessNtNtB2w_4read7StrReadEEBb_
FN:272,_RINvXs0_NvXNvCsCnQ6bPDWhW_11s2_tilejsons6_1__NtBb_8EncodingNtNtCsfVmLmSPNsva_5serde2de11Deserialize11deserializeNtB6_9___VisitorNtBX_7Visitor10visit_enumINtNtCs8HlL1jlbeYQ_10serde_json2de17UnitVariantAccessNtNtB2w_4read7StrReadEEBb_
FN:272,_RINvXs0_NvXNvCsCnQ6bPDWhW_11s2_tilejsons6_1__NtBb_8EncodingNtNtCsfVmLmSPNsva_5serde2de11Deserialize11deserializeNtB6_9___VisitorNtBX_7Visitor10visit_enumINtNtNtNtBZ_9___private2de7content19EnumRefDeserializerNtNtCs8HlL1jlbeYQ_10serde_json5error5ErrorEEBb_
FN:328,_RINvXNvXNvCsCnQ6bPDWhW_11s2_tilejsons8_1__NtB8_11VectorLayerNtNtCsfVmLmSPNsva_5serde2de11Deserialize11deserializeNtB3_14___FieldVisitorNtBY_7Visitor9visit_u64NtNtCs8HlL1jlbeYQ_10serde_json5error5ErrorEB8_
FN:328,_RINvXNvXNvCsCnQ6bPDWhW_11s2_tilejsons8_1__NtB8_11VectorLayerNtNtCsfVmLmSPNsva_5serde2de11Deserialize11deserializeNtB3_14___FieldVisitorNtBY_7Visitor9visit_strNtNtCs8HlL1jlbeYQ_10serde_json5error5ErrorEB8_
FN:328,_RINvXNvXNvCsCnQ6bPDWhW_11s2_tilejsons8_1__NtB8_11VectorLayerNtNtCsfVmLmSPNsva_5serde2de11Deserialize11deserializeNtB3_14___FieldVisitorNtBY_7Visitor11visit_bytesNtNtCs8HlL1jlbeYQ_10serde_json5error5ErrorEB8_
FN:328,_RINvXs_NvXNvCsCnQ6bPDWhW_11s2_tilejsons8_1__NtBa_11VectorLayerNtNtCsfVmLmSPNsva_5serde2de11Deserialize11deserializeNtB5_7___FieldBY_11deserializeINtNtCs8HlL1jlbeYQ_10serde_json2de6MapKeyNtNtB2o_4read7StrReadEEBa_
FN:328,_RINvXs_NvXNvCsCnQ6bPDWhW_11s2_tilejsons8_1__NtBa_11VectorLayerNtNtCsfVmLmSPNsva_5serde2de11Deserialize11deserializeNtB5_7___FieldBY_11deserializeINtNtNtNtB12_9___private2de7content22ContentRefDeserializerNtNtCs8HlL1jlbeYQ_10serde_json5error5ErrorEEBa_
FN:328,_RINvXs0_NvXNvCsCnQ6bPDWhW_11s2_tilejsons8_1__NtBb_11VectorLayerNtNtCsfVmLmSPNsva_5serde2de11Deserialize11deserializeNtB6_9___VisitorNtB11_7Visitor9visit_seqINtNtCs8HlL1jlbeYQ_10serde_json2de9SeqAccessNtNtB2z_4read7StrReadEEBb_
FN:328,_RINvXs0_NvXNvCsCnQ6bPDWhW_11s2_tilejsons8_1__NtBb_11VectorLayerNtNtCsfVmLmSPNsva_5serde2de11Deserialize11deserializeNtB6_9___VisitorNtB11_7Visitor9visit_seqQINtNtB11_5value15SeqDeserializerINtNtNtNtCs84nKZOVMDSH_4core4iter8adapters3map3MapINtNtNtB3a_5slice4iter4IterNtNtNtNtB13_9___private2de7content7ContentENvMsk_B4i_INtB4i_22ContentRefDeserializerNtNtCs8HlL1jlbeYQ_10serde_json5error5ErrorE3newEB5C_EEBb_
FN:328,_RINvXs0_NvXNvCsCnQ6bPDWhW_11s2_tilejsons8_1__NtBb_11VectorLayerNtNtCsfVmLmSPNsva_5serde2de11Deserialize11deserializeNtB6_9___VisitorNtB11_7Visitor9visit_mapINtNtCs8HlL1jlbeYQ_10serde_json2de9MapAccessNtNtB2z_4read7StrReadEEBb_
FN:328,_RINvXs0_NvXNvCsCnQ6bPDWhW_11s2_tilejsons8_1__NtBb_11VectorLayerNtNtCsfVmLmSPNsva_5serde2de11Deserialize11deserializeNtB6_9___VisitorNtB11_7Visitor9visit_mapQINtNtB11_5value15MapDeserializerINtNtNtNtCs84nKZOVMDSH_4core4iter8adapters3map3MapINtNtNtB3a_5slice4iter4IterTNtNtNtNtB13_9___private2de7content7ContentB4h_EENCINvB4j_21visit_content_map_refB1Q_NtNtCs8HlL1jlbeYQ_10serde_json5error5ErrorE0EB5D_EEBb_
FN:349,_RINvXNvXNvCsCnQ6bPDWhW_11s2_tilejsonsa_1__NtB8_6SchemeNtNtCsfVmLmSPNsva_5serde2de11Deserialize11deserializeNtB3_14___FieldVisitorNtBS_7Visitor9visit_u64NtNtCs8HlL1jlbeYQ_10serde_json5error5ErrorEB8_
FN:349,_RINvXNvXNvCsCnQ6bPDWhW_11s2_tilejsonsa_1__NtB8_6SchemeNtNtCsfVmLmSPNsva_5serde2de11Deserialize11deserializeNtB3_14___FieldVisitorNtBS_7Visitor9visit_strNtNtCs8HlL1jlbeYQ_10serde_json5error5ErrorEB8_
FN:349,_RINvXNvXNvCsCnQ6bPDWhW_11s2_tilejsonsa_1__NtB8_6SchemeNtNtCsfVmLmSPNsva_5serde2de11Deserialize11deserializeNtB3_14___FieldVisitorNtBS_7Visitor11visit_bytesNtNtCs8HlL1jlbeYQ_10serde_json5error5ErrorEB8_
FN:349,_RINvXs_NvXNvCsCnQ6bPDWhW_11s2_tilejsonsa_1__NtBa_6SchemeNtNtCsfVmLmSPNsva_5serde2de11Deserialize11deserializeNtB5_7___FieldBS_11deserializeINtNtNtNtBW_9___private2de7content22ContentRefDeserializerNtNtCs8HlL1jlbeYQ_10serde_json5error5ErrorEEBa_
FN:349,_RINvXs_NvXNvCsCnQ6bPDWhW_11s2_tilejsonsa_1__NtBa_6SchemeNtNtCsfVmLmSPNsva_5serde2de11Deserialize11deserializeNtB5_7___FieldBS_11deserializeQINtNtCs8HlL1jlbeYQ_10serde_json2de12DeserializerNtNtB2j_4read7StrReadEEBa_
FN:349,_RINvXs0_NvXNvCsCnQ6bPDWhW_11s2_tilejsonsa_1__NtBb_6SchemeNtNtCsfVmLmSPNsva_5serde2de11Deserialize11deserializeNtB6_9___VisitorNtBV_7Visitor10visit_enumINtNtCs8HlL1jlbeYQ_10serde_json2de13VariantAccessNtNtB2u_4read7StrReadEEBb_
FN:349,_RINvXs0_NvXNvCsCnQ6bPDWhW_11s2_tilejsonsa_1__NtBb_6SchemeNtNtCsfVmLmSPNsva_5serde2de11Deserialize11deserializeNtB6_9___VisitorNtBV_7Visitor10visit_enumINtNtCs8HlL1jlbeYQ_10serde_json2de17UnitVariantAccessNtNtB2u_4read7StrReadEEBb_
FN:349,_RINvXs0_NvXNvCsCnQ6bPDWhW_11s2_tilejsonsa_1__NtBb_6SchemeNtNtCsfVmLmSPNsva_5serde2de11Deserialize11deserializeNtB6_9___VisitorNtBV_7Visitor10visit_enumINtNtNtNtBX_9___private2de7content19EnumRefDeserializerNtNtCs8HlL1jlbeYQ_10serde_json5error5ErrorEEBb_
FN:388,_RINvXNvXNvCsCnQ6bPDWhW_11s2_tilejsonsc_1__NtB8_6CenterNtNtCsfVmLmSPNsva_5serde2de11Deserialize11deserializeNtB3_14___FieldVisitorNtBS_7Visitor9visit_u64NtNtCs8HlL1jlbeYQ_10serde_json5error5ErrorEB8_
FN:388,_RINvXNvXNvCsCnQ6bPDWhW_11s2_tilejsonsc_1__NtB8_6CenterNtNtCsfVmLmSPNsva_5serde2de11Deserialize11deserializeNtB3_14___FieldVisitorNtBS_7Visitor9visit_strNtNtCs8HlL1jlbeYQ_10serde_json5error5ErrorEB8_
FN:388,_RINvXNvXNvCsCnQ6bPDWhW_11s2_tilejsonsc_1__NtB8_6CenterNtNtCsfVmLmSPNsva_5serde2de11Deserialize11deserializeNtB3_14___FieldVisitorNtBS_7Visitor11visit_bytesNtNtCs8HlL1jlbeYQ_10serde_json5error5ErrorEB8_
FN:388,_RINvXs_NvXNvCsCnQ6bPDWhW_11s2_tilejsonsc_1__NtBa_6CenterNtNtCsfVmLmSPNsva_5serde2de11Deserialize11deserializeNtB5_7___FieldBS_11deserializeINtNtCs8HlL1jlbeYQ_10serde_json2de6MapKeyNtNtB2i_4read7StrReadEEBa_
FN:388,_RINvXs_NvXNvCsCnQ6bPDWhW_11s2_tilejsonsc_1__NtBa_6CenterNtNtCsfVmLmSPNsva_5serde2de11Deserialize11deserializeNtB5_7___FieldBS_11deserializeINtNtNtNtBW_9___private2de7content22ContentRefDeserializerNtNtCs8HlL1jlbeYQ_10serde_json5error5ErrorEEBa_
FN:388,_RINvXs0_NvXNvCsCnQ6bPDWhW_11s2_tilejsonsc_1__NtBb_6CenterNtNtCsfVmLmSPNsva_5serde2de11Deserialize11deserializeNtB6_9___VisitorNtBV_7Visitor9visit_seqINtNtCs8HlL1jlbeYQ_10serde_json2de9SeqAccessNtNtB2s_4read7StrReadEEBb_
FN:388,_RINvXs0_NvXNvCsCnQ6bPDWhW_11s2_tilejsonsc_1__NtBb_6CenterNtNtCsfVmLmSPNsva_5serde2de11Deserialize11deserializeNtB6_9___VisitorNtBV_7Visitor9visit_seqQINtNtBV_5value15SeqDeserializerINtNtNtNtCs84nKZOVMDSH_4core4iter8adapters3map3MapINtNtNtB32_5slice4iter4IterNtNtNtNtBX_9___private2de7content7ContentENvMsk_B4a_INtB4a_22ContentRefDeserializerNtNtCs8HlL1jlbeYQ_10serde_json5error5ErrorE3newEB5t_EEBb_
FN:388,_RINvXs0_NvXNvCsCnQ6bPDWhW_11s2_tilejsonsc_1__NtBb_6CenterNtNtCsfVmLmSPNsva_5serde2de11Deserialize11deserializeNtB6_9___VisitorNtBV_7Visitor9visit_mapINtNtCs8HlL1jlbeYQ_10serde_json2de9MapAccessNtNtB2s_4read7StrReadEEBb_
FN:388,_RINvXs0_NvXNvCsCnQ6bPDWhW_11s2_tilejsonsc_1__NtBb_6CenterNtNtCsfVmLmSPNsva_5serde2de11Deserialize11deserializeNtB6_9___VisitorNtBV_7Visitor9visit_mapQINtNtBV_5value15MapDeserializerINtNtNtNtCs84nKZOVMDSH_4core4iter8adapters3map3MapINtNtNtB32_5slice4iter4IterTNtNtNtNtBX_9___private2de7content7ContentB49_EENCINvB4b_21visit_content_map_refB1K_NtNtCs8HlL1jlbeYQ_10serde_json5error5ErrorE0EB5u_EEBb_
FN:399,_RINvXNvXNvCsCnQ6bPDWhW_11s2_tilejsonse_1__NtB8_8MetadataNtNtCsfVmLmSPNsva_5serde2de11Deserialize11deserializeNtB3_14___FieldVisitorNtBU_7Visitor9visit_u64NtNtCs8HlL1jlbeYQ_10serde_json5error5ErrorEB8_
FN:399,_RINvXNvXNvCsCnQ6bPDWhW_11s2_tilejsonse_1__NtB8_8MetadataNtNtCsfVmLmSPNsva_5serde2de11Deserialize11deserializeNtB3_14___FieldVisitorNtBU_7Visitor9visit_strNtNtCs8HlL1jlbeYQ_10serde_json5error5ErrorEB8_
FN:399,_RINvXNvXNvCsCnQ6bPDWhW_11s2_tilejsonse_1__NtB8_8MetadataNtNtCsfVmLmSPNsva_5serde2de11Deserialize11deserializeNtB3_14___FieldVisitorNtBU_7Visitor11visit_bytesNtNtCs8HlL1jlbeYQ_10serde_json5error5ErrorEB8_
FN:399,_RINvXs_NvXNvCsCnQ6bPDWhW_11s2_tilejsonse_1__NtBa_8MetadataNtNtCsfVmLmSPNsva_5serde2de11Deserialize11deserializeNtB5_7___FieldBU_11deserializeINtNtCs8HlL1jlbeYQ_10serde_json2de6MapKeyNtNtB2k_4read7StrReadEEBa_
FN:399,_RINvXs_NvXNvCsCnQ6bPDWhW_11s2_tilejsonse_1__NtBa_8MetadataNtNtCsfVmLmSPNsva_5serde2de11Deserialize11deserializeNtB5_7___FieldBU_11deserializeINtNtNtNtBY_9___private2de7content22ContentRefDeserializerNtNtCs8HlL1jlbeYQ_10serde_json5error5ErrorEEBa_
FN:399,_RINvXs0_NvXNvCsCnQ6bPDWhW_11s2_tilejsonse_1__NtBb_8MetadataNtNtCsfVmLmSPNsva_5serde2de11Deserialize11deserializeNtB6_9___VisitorNtBX_7Visitor9visit_seqINtNtCs8HlL1jlbeYQ_10serde_json2de9SeqAccessNtNtB2u_4read7StrReadEEBb_
FN:399,_RINvXs0_NvXNvCsCnQ6bPDWhW_11s2_tilejsonse_1__NtBb_8MetadataNtNtCsfVmLmSPNsva_5serde2de11Deserialize11deserializeNtB6_9___VisitorNtBX_7Visitor9visit_seqQINtNtBX_5value15SeqDeserializerINtNtNtNtCs84nKZOVMDSH_4core4iter8adapters3map3MapINtNtNtB34_5slice4iter4IterNtNtNtNtBZ_9___private2de7content7ContentENvMsk_B4c_INtB4c_22ContentRefDeserializerNtNtCs8HlL1jlbeYQ_10serde_json5error5ErrorE3newEB5v_EEBb_
FN:399,_RINvXs0_NvXNvCsCnQ6bPDWhW_11s2_tilejsonse_1__NtBb_8MetadataNtNtCsfVmLmSPNsva_5serde2de11Deserialize11deserializeNtB6_9___VisitorNtBX_7Visitor9visit_mapINtNtCs8HlL1jlbeYQ_10serde_json2de9MapAccessNtNtB2u_4read7StrReadEEBb_
FN:399,_RINvXs0_NvXNvCsCnQ6bPDWhW_11s2_tilejsonse_1__NtBb_8MetadataNtNtCsfVmLmSPNsva_5serde2de11Deserialize11deserializeNtB6_9___VisitorNtBX_7Visitor9visit_mapQINtNtBX_5value15MapDeserializerINtNtNtNtCs84nKZOVMDSH_4core4iter8adapters3map3MapINtNtNtB34_5slice4iter4IterTNtNtNtNtBZ_9___private2de7content7ContentB4b_EENCINvB4d_21visit_content_map_refB1M_NtNtCs8HlL1jlbeYQ_10serde_json5error5ErrorE0EB5w_EEBb_
FN:494,_RINvXNvXNvCsCnQ6bPDWhW_11s2_tilejsonsg_1__NtB8_22MapboxTileJSONMetadataNtNtCsfVmLmSPNsva_5serde2de11Deserialize11deserializeNtB3_14___FieldVisitorNtB19_7Visitor9visit_u64NtNtCs8HlL1jlbeYQ_10serde_json5error5ErrorEB8_
FN:494,_RINvXNvXNvCsCnQ6bPDWhW_11s2_tilejsonsg_1__NtB8_22MapboxTileJSONMetadataNtNtCsfVmLmSPNsva_5serde2de11Deserialize11deserializeNtB3_14___FieldVisitorNtB19_7Visitor9visit_strNtNtCs8HlL1jlbeYQ_10serde_json5error5ErrorEB8_
FN:494,_RINvXNvXNvCsCnQ6bPDWhW_11s2_tilejsonsg_1__NtB8_22MapboxTileJSONMetadataNtNtCsfVmLmSPNsva_5serde2de11Deserialize11deserializeNtB3_14___FieldVisitorNtB19_7Visitor11visit_bytesNtNtCs8HlL1jlbeYQ_10serde_json5error5ErrorEB8_
FN:494,_RINvXs_NvXNvCsCnQ6bPDWhW_11s2_tilejsonsg_1__NtBa_22MapboxTileJSONMetadataNtNtCsfVmLmSPNsva_5serde2de11Deserialize11deserializeNtB5_7___FieldB19_11deserializeINtNtCs8HlL1jlbeYQ_10serde_json2de6MapKeyNtNtB2A_4read7StrReadEEBa_
FN:494,_RINvXs_NvXNvCsCnQ6bPDWhW_11s2_tilejsonsg_1__NtBa_22MapboxTileJSONMetadataNtNtCsfVmLmSPNsva_5serde2de11Deserialize11deserializeNtB5_7___FieldB19_11deserializeINtNtNtNtB1d_9___private2de7content22ContentRefDeserializerNtNtCs8HlL1jlbeYQ_10serde_json5error5ErrorEEBa_
FN:494,_RINvXs0_NvXNvCsCnQ6bPDWhW_11s2_tilejsonsg_1__NtBb_22MapboxTileJSONMetadataNtNtCsfVmLmSPNsva_5serde2de11Deserialize11deserializeNtB6_9___VisitorNtB1c_7Visitor9visit_seqINtNtCs8HlL1jlbeYQ_10serde_json2de9SeqAccessNtNtB2K_4read7StrReadEEBb_
FN:494,_RINvXs0_NvXNvCsCnQ6bPDWhW_11s2_tilejsonsg_1__NtBb_22MapboxTileJSONMetadataNtNtCsfVmLmSPNsva_5serde2de11Deserialize11deserializeNtB6_9___VisitorNtB1c_7Visitor9visit_seqQINtNtB1c_5value15SeqDeserializerINtNtNtNtCs84nKZOVMDSH_4core4iter8adapters3map3MapINtNtNtB3l_5slice4iter4IterNtNtNtNtB1e_9___private2de7content7ContentENvMsk_B4t_INtB4t_22ContentRefDeserializerNtNtCs8HlL1jlbeYQ_10serde_json5error5ErrorE3newEB5N_EEBb_
FN:494,_RINvXs0_NvXNvCsCnQ6bPDWhW_11s2_tilejsonsg_1__NtBb_22MapboxTileJSONMetadataNtNtCsfVmLmSPNsva_5serde2de11Deserialize11deserializeNtB6_9___VisitorNtB1c_7Visitor9visit_mapINtNtCs8HlL1jlbeYQ_10serde_json2de9MapAccessNtNtB2K_4read7StrReadEEBb_
FN:494,_RINvXs0_NvXNvCsCnQ6bPDWhW_11s2_tilejsonsg_1__NtBb_22MapboxTileJSONMetadataNtNtCsfVmLmSPNsva_5serde2de11Deserialize11deserializeNtB6_9___VisitorNtB1c_7Visitor9visit_mapQINtNtB1c_5value15MapDeserializerINtNtNtNtCs84nKZOVMDSH_4core4iter8adapters3map3MapINtNtNtB3l_5slice4iter4IterTNtNtNtNtB1e_9___private2de7content7ContentB4s_EENCINvB4u_21visit_content_map_refB21_NtNtCs8HlL1jlbeYQ_10serde_json5error5ErrorE0EB5O_EEBb_
FN:777,_RNCNvNtCsCnQ6bPDWhW_11s2_tilejson5testss_8it_works0B5_
FN:884,_RNCNvNtCsCnQ6bPDWhW_11s2_tilejson5testss_8it_workss_0B5_
FN:1245,_RNCNvNtCsCnQ6bPDWhW_11s2_tilejson5testss_24test_tippecanoe_metadata0B5_
FN:1294,_RNCNvNtCsCnQ6bPDWhW_11s2_tilejson5testss_20test_mapbox_metadata0B5_
FN:1321,_RNCNvNtCsCnQ6bPDWhW_11s2_tilejson5testss_20test_mapbox_metadatas_0B5_
FN:752,_RNvNtCsCnQ6bPDWhW_11s2_tilejson5testss_8it_works
FN:889,_RNvNtCsCnQ6bPDWhW_11s2_tilejson5testss_9test_face
FN:906,_RNvNtCsCnQ6bPDWhW_11s2_tilejson5testss_9test_bbox
FN:917,_RNvNtCsCnQ6bPDWhW_11s2_tilejson5testss_14test_tilestats
FN:972,_RNvNtCsCnQ6bPDWhW_11s2_tilejson5testss_15test_facebounds
FN:1038,_RNvNtCsCnQ6bPDWhW_11s2_tilejson5testss_13test_drawtype
FN:1089,_RNvNtCsCnQ6bPDWhW_11s2_tilejson5testss_15test_sourcetype
FN:1144,_RNvNtCsCnQ6bPDWhW_11s2_tilejson5testss_13test_encoding
FN:1196,_RNvNtCsCnQ6bPDWhW_11s2_tilejson5testss_11test_scheme
FN:1213,_RNvNtCsCnQ6bPDWhW_11s2_tilejson5testss_24test_tippecanoe_metadata
FN:1249,_RNvNtCsCnQ6bPDWhW_11s2_tilejson5testss_20test_mapbox_metadata
FN:46,_RNvXCsCnQ6bPDWhW_11s2_tilejsonhINtNtCs84nKZOVMDSH_4core7convert4FromNtB2_8DrawTypeE4from
FN:51,_RNvXs_CsCnQ6bPDWhW_11s2_tilejsonNtB4_8DrawTypeINtNtCs84nKZOVMDSH_4core7convert4FromhE4from
FN:144,_RNvMs2_CsCnQ6bPDWhW_11s2_tilejsonNtB5_17TileStatsMetadata3get
FN:156,_RNvMs2_CsCnQ6bPDWhW_11s2_tilejsonNtB5_17TileStatsMetadata9increment
FN:198,_RNvMs3_CsCnQ6bPDWhW_11s2_tilejsonNtB5_10FaceBounds3get
FN:210,_RNvMs3_CsCnQ6bPDWhW_11s2_tilejsonNtB5_10FaceBounds7get_mut
FN:248,_RNvXs4_CsCnQ6bPDWhW_11s2_tilejsonNtB5_10SourceTypeINtNtCs84nKZOVMDSH_4core7convert4FromReE4from
FN:287,_RNvXs6_CsCnQ6bPDWhW_11s2_tilejsonNtB5_8EncodingINtNtCs84nKZOVMDSH_4core7convert4FromhE4from
FN:297,_RNvXs7_CsCnQ6bPDWhW_11s2_tilejsonhINtNtCs84nKZOVMDSH_4core7convert4FromNtB5_8EncodingE4from
FN:307,_RNvXs8_CsCnQ6bPDWhW_11s2_tilejsonReINtNtCs84nKZOVMDSH_4core7convert4FromNtB5_8EncodingE4from
FN:317,_RNvXs9_CsCnQ6bPDWhW_11s2_tilejsonNtB5_8EncodingINtNtCs84nKZOVMDSH_4core7convert4FromReE4from
FN:365,_RNvXsa_CsCnQ6bPDWhW_11s2_tilejsonNtB5_6SchemeINtNtCs84nKZOVMDSH_4core7convert4FromReE4from
FN:376,_RNvXsb_CsCnQ6bPDWhW_11s2_tilejsonReINtNtCs84nKZOVMDSH_4core7convert4FromNtB5_6SchemeE4from
FN:457,_RNvXsc_CsCnQ6bPDWhW_11s2_tilejsonNtB5_8MetadataNtNtCs84nKZOVMDSH_4core7default7Default7default
FN:534,_RNvMsd_CsCnQ6bPDWhW_11s2_tilejsonNtB5_22MapboxTileJSONMetadata11to_metadata
FN:573,_RNvMse_CsCnQ6bPDWhW_11s2_tilejsonNtB5_15UnknownMetadata11to_metadata
FN:589,_RNvXsf_CsCnQ6bPDWhW_11s2_tilejsonNtB5_15MetadataBuilderNtNtCs84nKZOVMDSH_4core7default7Default7default
FN:604,_RNvMsg_CsCnQ6bPDWhW_11s2_tilejsonNtB5_15MetadataBuilder6commit
FN:616,_RNvMsg_CsCnQ6bPDWhW_11s2_tilejsonNtB5_15MetadataBuilder8set_name
FN:621,_RNvMsg_CsCnQ6bPDWhW_11s2_tilejsonNtB5_15MetadataBuilder10set_scheme
FN:626,_RNvMsg_CsCnQ6bPDWhW_11s2_tilejsonNtB5_15MetadataBuilder13set_extension
FN:631,_RNvMsg_CsCnQ6bPDWhW_11s2_tilejsonNtB5_15MetadataBuilder8set_type
FN:636,_RNvMsg_CsCnQ6bPDWhW_11s2_tilejsonNtB5_15MetadataBuilder11set_version
FN:641,_RNvMsg_CsCnQ6bPDWhW_11s2_tilejsonNtB5_15MetadataBuilder15set_description
FN:646,_RNvMsg_CsCnQ6bPDWhW_11s2_tilejsonNtB5_15MetadataBuilder12set_encoding
FN:651,_RNvMsg_CsCnQ6bPDWhW_11s2_tilejsonNtB5_15MetadataBuilder15add_attribution
FN:656,_RNvMsg_CsCnQ6bPDWhW_11s2_tilejsonNtB5_15MetadataBuilder9add_layer
FN:678,_RNvMsg_CsCnQ6bPDWhW_11s2_tilejsonNtB5_15MetadataBuilder11add_tile_wm
FN:686,_RNvMsg_CsCnQ6bPDWhW_11s2_tilejsonNtB5_15MetadataBuilder11add_tile_s2
FN:694,_RNvMsg_CsCnQ6bPDWhW_11s2_tilejsonNtB5_15MetadataBuilder13update_center
FN:703,_RNvMsg_CsCnQ6bPDWhW_11s2_tilejsonNtB5_15MetadataBuilder13add_bounds_wm
FN:720,_RNvMsg_CsCnQ6bPDWhW_11s2_tilejsonNtB5_15MetadataBuilder13add_bounds_s2
FN:737,_RNvMsg_CsCnQ6bPDWhW_11s2_tilejsonNtB5_15MetadataBuilder21update_lon_lat_bounds
FN:96,_RNvXNvXNvCsCnQ6bPDWhW_11s2_tilejsons_1__NtB7_13LayerMetaDataNtNtCsfVmLmSPNsva_5serde2de11Deserialize11deserializeNtB2_14___FieldVisitorNtBY_7Visitor9expecting
FN:96,_RNvXs0_NvXNvCsCnQ6bPDWhW_11s2_tilejsons_1__NtBa_13LayerMetaDataNtNtCsfVmLmSPNsva_5serde2de11Deserialize11deserializeNtB5_9___VisitorNtB11_7Visitor9expecting
FN:118,_RNvXNvXNvCsCnQ6bPDWhW_11s2_tilejsons1_1__NtB7_17TileStatsMetadataNtNtCsfVmLmSPNsva_5serde2de11Deserialize11deserializeNtB2_14___FieldVisitorNtB13_7Visitor9expecting
FN:118,_RNvXs0_NvXNvCsCnQ6bPDWhW_11s2_tilejsons1_1__NtBa_17TileStatsMetadataNtNtCsfVmLmSPNsva_5serde2de11Deserialize11deserializeNtB5_9___VisitorNtB16_7Visitor9expecting
FN:174,_RNvXNvXNvCsCnQ6bPDWhW_11s2_tilejsons3_1__NtB7_10FaceBoundsNtNtCsfVmLmSPNsva_5serde2de11Deserialize11deserializeNtB2_14___FieldVisitorNtBW_7Visitor9expecting
FN:174,_RNvXs0_NvXNvCsCnQ6bPDWhW_11s2_tilejsons3_1__NtBa_10FaceBoundsNtNtCsfVmLmSPNsva_5serde2de11Deserialize11deserializeNtB5_9___VisitorNtBZ_7Visitor9expecting
FN:272,_RNvXNvXNvCsCnQ6bPDWhW_11s2_tilejsons6_1__NtB7_8EncodingNtNtCsfVmLmSPNsva_5serde2de11Deserialize11deserializeNtB2_14___FieldVisitorNtBT_7Visitor9expecting
FN:328,_RNvXNvXNvCsCnQ6bPDWhW_11s2_tilejsons8_1__NtB7_11VectorLayerNtNtCsfVmLmSPNsva_5serde2de11Deserialize11deserializeNtB2_14___FieldVisitorNtBX_7Visitor9expecting
FN:328,_RNvXs0_NvXNvCsCnQ6bPDWhW_11s2_tilejsons8_1__NtBa_11VectorLayerNtNtCsfVmLmSPNsva_5serde2de11Deserialize11deserializeNtB5_9___VisitorNtB10_7Visitor9expecting
FN:349,_RNvXNvXNvCsCnQ6bPDWhW_11s2_tilejsonsa_1__NtB7_6SchemeNtNtCsfVmLmSPNsva_5serde2de11Deserialize11deserializeNtB2_14___FieldVisitorNtBR_7Visitor9expecting
FN:388,_RNvXNvXNvCsCnQ6bPDWhW_11s2_tilejsonsc_1__NtB7_6CenterNtNtCsfVmLmSPNsva_5serde2de11Deserialize11deserializeNtB2_14___FieldVisitorNtBR_7Visitor9expecting
FN:388,_RNvXs0_NvXNvCsCnQ6bPDWhW_11s2_tilejsonsc_1__NtBa_6CenterNtNtCsfVmLmSPNsva_5serde2de11Deserialize11deserializeNtB5_9___VisitorNtBU_7Visitor9expecting
FN:399,_RNvXNvXNvCsCnQ6bPDWhW_11s2_tilejsonse_1__NtB7_8MetadataNtNtCsfVmLmSPNsva_5serde2de11Deserialize11deserializeNtB2_14___FieldVisitorNtBT_7Visitor9expecting
FN:399,_RNvXs0_NvXNvCsCnQ6bPDWhW_11s2_tilejsonse_1__NtBa_8MetadataNtNtCsfVmLmSPNsva_5serde2de11Deserialize11deserializeNtB5_9___VisitorNtBW_7Visitor9expecting
FN:494,_RNvXNvXNvCsCnQ6bPDWhW_11s2_tilejsonsg_1__NtB7_22MapboxTileJSONMetadataNtNtCsfVmLmSPNsva_5serde2de11Deserialize11deserializeNtB2_14___FieldVisitorNtB18_7Visitor9expecting
FN:494,_RNvXs0_NvXNvCsCnQ6bPDWhW_11s2_tilejsonsg_1__NtBa_22MapboxTileJSONMetadataNtNtCsfVmLmSPNsva_5serde2de11Deserialize11deserializeNtB5_9___VisitorNtB1b_7Visitor9expecting
FNDA:0,_RNvXs0_NvXNvCsCnQ6bPDWhW_11s2_tilejsons6_1__NtBa_8EncodingNtNtCsfVmLmSPNsva_5serde2de11Deserialize11deserializeNtB5_9___VisitorNtBW_7Visitor9expecting
FNDA:0,_RNvXs0_NvXNvCsCnQ6bPDWhW_11s2_tilejsonsa_1__NtBa_6SchemeNtNtCsfVmLmSPNsva_5serde2de11Deserialize11deserializeNtB5_9___VisitorNtBU_7Visitor9expecting
FNDA:2,_RINvXs0_CsCnQ6bPDWhW_11s2_tilejsonNtB6_8DrawTypeNtNtCsfVmLmSPNsva_5serde3ser9Serialize9serializeQINtNtCs8HlL1jlbeYQ_10serde_json3ser10SerializerQINtNtCs65WfBAlEhMS_5alloc3vec3VechEEEB6_
FNDA:0,_RINvXs1_CsCnQ6bPDWhW_11s2_tilejsonNtB6_8DrawTypeNtNtCsfVmLmSPNsva_5serde2de11Deserialize11deserializeINtNtNtNtBO_9___private2de7content22ContentRefDeserializerNtNtCs8HlL1jlbeYQ_10serde_json5error5ErrorEEB6_
FNDA:10,_RINvXs1_CsCnQ6bPDWhW_11s2_tilejsonNtB6_8DrawTypeNtNtCsfVmLmSPNsva_5serde2de11Deserialize11deserializeQINtNtCs8HlL1jlbeYQ_10serde_json2de12DeserializerNtNtB1H_4read7StrReadEEB6_
FNDA:0,_RINvXs5_CsCnQ6bPDWhW_11s2_tilejsonNtB6_10SourceTypeNtNtCsfVmLmSPNsva_5serde2de11Deserialize11deserializeINtNtNtNtBR_9___private2de7content22ContentRefDeserializerNtNtCs8HlL1jlbeYQ_10serde_json5error5ErrorEEB6_
FNDA:9,_RINvXs5_CsCnQ6bPDWhW_11s2_tilejsonNtB6_10SourceTypeNtNtCsfVmLmSPNsva_5serde2de11Deserialize11deserializeQINtNtCs8HlL1jlbeYQ_10serde_json2de12DeserializerNtNtB1K_4read7StrReadEEB6_
FNDA:0,_RINvXNvXNvCsCnQ6bPDWhW_11s2_tilejsons_1__NtB8_13LayerMetaDataNtNtCsfVmLmSPNsva_5serde2de11Deserialize11deserializeNtB3_14___FieldVisitorNtBZ_7Visitor9visit_u64NtNtCs8HlL1jlbeYQ_10serde_json5error5ErrorEB8_
FNDA:5,_RINvXNvXNvCsCnQ6bPDWhW_11s2_tilejsons_1__NtB8_13LayerMetaDataNtNtCsfVmLmSPNsva_5serde2de11Deserialize11deserializeNtB3_14___FieldVisitorNtBZ_7Visitor9visit_strNtNtCs8HlL1jlbeYQ_10serde_json5error5ErrorEB8_
FNDA:0,_RINvXNvXNvCsCnQ6bPDWhW_11s2_tilejsons_1__NtB8_13LayerMetaDataNtNtCsfVmLmSPNsva_5serde2de11Deserialize11deserializeNtB3_14___FieldVisitorNtBZ_7Visitor11visit_bytesNtNtCs8HlL1jlbeYQ_10serde_json5error5ErrorEB8_
FNDA:5,_RINvXs_NvXNvCsCnQ6bPDWhW_11s2_tilejsons_1__NtBa_13LayerMetaDataNtNtCsfVmLmSPNsva_5serde2de11Deserialize11deserializeNtB5_7___FieldBZ_11deserializeINtNtCs8HlL1jlbeYQ_10serde_json2de6MapKeyNtNtB2p_4read7StrReadEEBa_
FNDA:0,_RINvXs_NvXNvCsCnQ6bPDWhW_11s2_tilejsons_1__NtBa_13LayerMetaDataNtNtCsfVmLmSPNsva_5serde2de11Deserialize11deserializeNtB5_7___FieldBZ_11deserializeINtNtNtNtB13_9___private2de7content22ContentRefDeserializerNtNtCs8HlL1jlbeYQ_10serde_json5error5ErrorEEBa_
FNDA:0,_RINvXs0_NvXNvCsCnQ6bPDWhW_11s2_tilejsons_1__NtBb_13LayerMetaDataNtNtCsfVmLmSPNsva_5serde2de11Deserialize11deserializeNtB6_9___VisitorNtB12_7Visitor9visit_seqINtNtCs8HlL1jlbeYQ_10serde_json2de9SeqAccessNtNtB2A_4read7StrReadEEBb_
FNDA:0,_RINvXs0_NvXNvCsCnQ6bPDWhW_11s2_tilejsons_1__NtBb_13LayerMetaDataNtNtCsfVmLmSPNsva_5serde2de11Deserialize11deserializeNtB6_9___VisitorNtB12_7Visitor9visit_seqQINtNtB12_5value15SeqDeserializerINtNtNtNtCs84nKZOVMDSH_4core4iter8adapters3map3MapINtNtNtB3b_5slice4iter4IterNtNtNtNtB14_9___private2de7content7ContentENvMsk_B4j_INtB4j_22ContentRefDeserializerNtNtCs8HlL1jlbeYQ_10serde_json5error5ErrorE3newEB5D_EEBb_
FNDA:1,_RINvXs0_NvXNvCsCnQ6bPDWhW_11s2_tilejsons_1__NtBb_13LayerMetaDataNtNtCsfVmLmSPNsva_5serde2de11Deserialize11deserializeNtB6_9___VisitorNtB12_7Visitor9visit_mapINtNtCs8HlL1jlbeYQ_10serde_json2de9MapAccessNtNtB2A_4read7StrReadEEBb_
FNDA:0,_RINvXs0_NvXNvCsCnQ6bPDWhW_11s2_tilejsons_1__NtBb_13LayerMetaDataNtNtCsfVmLmSPNsva_5serde2de11Deserialize11deserializeNtB6_9___VisitorNtB12_7Visitor9visit_mapQINtNtB12_5value15MapDeserializerINtNtNtNtCs84nKZOVMDSH_4core4iter8adapters3map3MapINtNtNtB3b_5slice4iter4IterTNtNtNtNtB14_9___private2de7content7ContentB4i_EENCINvB4k_21visit_content_map_refB1R_NtNtCs8HlL1jlbeYQ_10serde_json5error5ErrorE0EB5E_EEBb_
FNDA:0,_RINvXNvXNvCsCnQ6bPDWhW_11s2_tilejsons1_1__NtB8_17TileStatsMetadataNtNtCsfVmLmSPNsva_5serde2de11Deserialize11deserializeNtB3_14___FieldVisitorNtB14_7Visitor9visit_u64NtNtCs8HlL1jlbeYQ_10serde_json5error5ErrorEB8_
FNDA:16,_RINvXNvXNvCsCnQ6bPDWhW_11s2_tilejsons1_1__NtB8_17TileStatsMetadataNtNtCsfVmLmSPNsva_5serde2de11Deserialize11deserializeNtB3_14___FieldVisitorNtB14_7Visitor9visit_strNtNtCs8HlL1jlbeYQ_10serde_json5error5ErrorEB8_
FNDA:0,_RINvXNvXNvCsCnQ6bPDWhW_11s2_tilejsons1_1__NtB8_17TileStatsMetadataNtNtCsfVmLmSPNsva_5serde2de11Deserialize11deserializeNtB3_14___FieldVisitorNtB14_7Visitor11visit_bytesNtNtCs8HlL1jlbeYQ_10serde_json5error5ErrorEB8_
FNDA:16,_RINvXs_NvXNvCsCnQ6bPDWhW_11s2_tilejsons1_1__NtBa_17TileStatsMetadataNtNtCsfVmLmSPNsva_5serde2de11Deserialize11deserializeNtB5_7___FieldB14_11deserializeINtNtCs8HlL1jlbeYQ_10serde_json2de6MapKeyNtNtB2v_4read7StrReadEEBa_
FNDA:0,_RINvXs_NvXNvCsCnQ6bPDWhW_11s2_tilejsons1_1__NtBa_17TileStatsMetadataNtNtCsfVmLmSPNsva_5serde2de11Deserialize11deserializeNtB5_7___FieldB14_11deserializeINtNtNtNtB18_9___private2de7content22ContentRefDeserializerNtNtCs8HlL1jlbeYQ_10serde_json5error5ErrorEEBa_
FNDA:0,_RINvXs0_NvXNvCsCnQ6bPDWhW_11s2_tilejsons1_1__NtBb_17TileStatsMetadataNtNtCsfVmLmSPNsva_5serde2de11Deserialize11deserializeNtB6_9___VisitorNtB17_7Visitor9visit_seqINtNtCs8HlL1jlbeYQ_10serde_json2de9SeqAccessNtNtB2F_4read7StrReadEEBb_
FNDA:0,_RINvXs0_NvXNvCsCnQ6bPDWhW_11s2_tilejsons1_1__NtBb_17TileStatsMetadataNtNtCsfVmLmSPNsva_5serde2de11Deserialize11deserializeNtB6_9___VisitorNtB17_7Visitor9visit_seqQINtNtB17_5value15SeqDeserializerINtNtNtNtCs84nKZOVMDSH_4core4iter8adapters3map3MapINtNtNtB3g_5slice4iter4IterNtNtNtNtB19_9___private2de7content7ContentENvMsk_B4o_INtB4o_22ContentRefDeserializerNtNtCs8HlL1jlbeYQ_10serde_json5error5ErrorE3newEB5I_EEBb_
FNDA:3,_RINvXs0_NvXNvCsCnQ6bPDWhW_11s2_tilejsons1_1__NtBb_17TileStatsMetadataNtNtCsfVmLmSPNsva_5serde2de11Deserialize11deserializeNtB6_9___VisitorNtB17_7Visitor9visit_mapINtNtCs8HlL1jlbeYQ_10serde_json2de9MapAccessNtNtB2F_4read7StrReadEEBb_
FNDA:0,_RINvXs0_NvXNvCsCnQ6bPDWhW_11s2_tilejsons1_1__NtBb_17TileStatsMetadataNtNtCsfVmLmSPNsva_5serde2de11Deserialize11deserializeNtB6_9___VisitorNtB17_7Visitor9visit_mapQINtNtB17_5value15MapDeserializerINtNtNtNtCs84nKZOVMDSH_4core4iter8adapters3map3MapINtNtNtB3g_5slice4iter4IterTNtNtNtNtB19_9___private2de7content7ContentB4n_EENCINvB4p_21visit_content_map_refB1W_NtNtCs8HlL1jlbeYQ_10serde_json5error5ErrorE0EB5J_EEBb_
FNDA:0,_RINvXNvXNvCsCnQ6bPDWhW_11s2_tilejsons3_1__NtB8_10FaceBoundsNtNtCsfVmLmSPNsva_5serde2de11Deserialize11deserializeNtB3_14___FieldVisitorNtBX_7Visitor9visit_u64NtNtCs8HlL1jlbeYQ_10serde_json5error5ErrorEB8_
FNDA:12,_RINvXNvXNvCsCnQ6bPDWhW_11s2_tilejsons3_1__NtB8_10FaceBoundsNtNtCsfVmLmSPNsva_5serde2de11Deserialize11deserializeNtB3_14___FieldVisitorNtBX_7Visitor9visit_strNtNtCs8HlL1jlbeYQ_10serde_json5error5ErrorEB8_
FNDA:0,_RINvXNvXNvCsCnQ6bPDWhW_11s2_tilejsons3_1__NtB8_10FaceBoundsNtNtCsfVmLmSPNsva_5serde2de11Deserialize11deserializeNtB3_14___FieldVisitorNtBX_7Visitor11visit_bytesNtNtCs8HlL1jlbeYQ_10serde_json5error5ErrorEB8_
FNDA:12,_RINvXs_NvXNvCsCnQ6bPDWhW_11s2_tilejsons3_1__NtBa_10FaceBoundsNtNtCsfVmLmSPNsva_5serde2de11Deserialize11deserializeNtB5_7___FieldBX_11deserializeINtNtCs8HlL1jlbeYQ_10serde_json2de6MapKeyNtNtB2n_4read7StrReadEEBa_
FNDA:0,_RINvXs_NvXNvCsCnQ6bPDWhW_11s2_tilejsons3_1__NtBa_10FaceBoundsNtNtCsfVmLmSPNsva_5serde2de11Deserialize11deserializeNtB5_7___FieldBX_11deserializeINtNtNtNtB11_9___private2de7content22ContentRefDeserializerNtNtCs8HlL1jlbeYQ_10serde_json5error5ErrorEEBa_
FNDA:0,_RINvXs0_NvXNvCsCnQ6bPDWhW_11s2_tilejsons3_1__NtBb_10FaceBoundsNtNtCsfVmLmSPNsva_5serde2de11Deserialize11deserializeNtB6_9___VisitorNtB10_7Visitor9visit_seqINtNtCs8HlL1jlbeYQ_10serde_json2de9SeqAccessNtNtB2y_4read7StrReadEEBb_
FNDA:0,_RINvXs0_NvXNvCsCnQ6bPDWhW_11s2_tilejsons3_1__NtBb_10FaceBoundsNtNtCsfVmLmSPNsva_5serde2de11Deserialize11deserializeNtB6_9___VisitorNtB10_7Visitor9visit_seqQINtNtB10_5value15SeqDeserializerINtNtNtNtCs84nKZOVMDSH_4core4iter8adapters3map3MapINtNtNtB39_5slice4iter4IterNtNtNtNtB12_9___private2de7content7ContentENvMsk_B4h_INtB4h_22ContentRefDeserializerNtNtCs8HlL1jlbeYQ_10serde_json5error5ErrorE3newEB5B_EEBb_
FNDA:2,_RINvXs0_NvXNvCsCnQ6bPDWhW_11s2_tilejsons3_1__NtBb_10FaceBoundsNtNtCsfVmLmSPNsva_5serde2de11Deserialize11deserializeNtB6_9___VisitorNtB10_7Visitor9visit_mapINtNtCs8HlL1jlbeYQ_10serde_json2de9MapAccessNtNtB2y_4read7StrReadEEBb_
FNDA:0,_RINvXs0_NvXNvCsCnQ6bPDWhW_11s2_tilejsons3_1__NtBb_10FaceBoundsNtNtCsfVmLmSPNsva_5serde2de11Deserialize11deserializeNtB6_9___VisitorNtB10_7Visitor9visit_mapQINtNtB10_5value15MapDeserializerINtNtNtNtCs84nKZOVMDSH_4core4iter8adapters3map3MapINtNtNtB39_5slice4iter4IterTNtNtNtNtB12_9___private2de7content7ContentB4g_EENCINvB4i_21visit_content_map_refB1P_NtNtCs8HlL1jlbeYQ_10serde_json5error5ErrorE0EB5C_EEBb_
FNDA:0,_RINvXNvXNvCsCnQ6bPDWhW_11s2_tilejsons6_1__NtB8_8EncodingNtNtCsfVmLmSPNsva_5serde2de11Deserialize11deserializeNtB3_14___FieldVisitorNtBU_7Visitor9visit_u64NtNtCs8HlL1jlbeYQ_10serde_json5error5ErrorEB8_
FNDA:5,_RINvXNvXNvCsCnQ6bPDWhW_11s2_tilejsons6_1__NtB8_8EncodingNtNtCsfVmLmSPNsva_5serde2de11Deserialize11deserializeNtB3_14___FieldVisitorNtBU_7Visitor9visit_strNtNtCs8HlL1jlbeYQ_10serde_json5error5ErrorEB8_
FNDA:0,_RINvXNvXNvCsCnQ6bPDWhW_11s2_tilejsons6_1__NtB8_8EncodingNtNtCsfVmLmSPNsva_5serde2de11Deserialize11deserializeNtB3_14___FieldVisitorNtBU_7Visitor11visit_bytesNtNtCs8HlL1jlbeYQ_10serde_json5error5ErrorEB8_
FNDA:0,_RINvXs_NvXNvCsCnQ6bPDWhW_11s2_tilejsons6_1__NtBa_8EncodingNtNtCsfVmLmSPNsva_5serde2de11Deserialize11deserializeNtB5_7___FieldBU_11deserializeINtNtNtNtBY_9___private2de7content22ContentRefDeserializerNtNtCs8HlL1jlbeYQ_10serde_json5error5ErrorEEBa_
FNDA:5,_RINvXs_NvXNvCsCnQ6bPDWhW_11s2_tilejsons6_1__NtBa_8EncodingNtNtCsfVmLmSPNsva_5serde2de11Deserialize11deserializeNtB5_7___FieldBU_11deserializeQINtNtCs8HlL1jlbeYQ_10serde_json2de12DeserializerNtNtB2l_4read7StrReadEEBa_
FNDA:0,_RINvXs0_NvXNvCsCnQ6bPDWhW_11s2_tilejsons6_1__NtBb_8EncodingNtNtCsfVmLmSPNsva_5serde2de11Deserialize11deserializeNtB6_9___VisitorNtBX_7Visitor10visit_enumINtNtCs8HlL1jlbeYQ_10serde_json2de13VariantAccessNtNtB2w_4read7StrReadEEBb_
FNDA:5,_RINvXs0_NvXNvCsCnQ6bPDWhW_11s2_tilejsons6_1__NtBb_8EncodingNtNtCsfVmLmSPNsva_5serde2de11Deserialize11deserializeNtB6_9___VisitorNtBX_7Visitor10visit_enumINtNtCs8HlL1jlbeYQ_10serde_json2de17UnitVariantAccessNtNtB2w_4read7StrReadEEBb_
FNDA:0,_RINvXs0_NvXNvCsCnQ6bPDWhW_11s2_tilejsons6_1__NtBb_8EncodingNtNtCsfVmLmSPNsva_5serde2de11Deserialize11deserializeNtB6_9___VisitorNtBX_7Visitor10visit_enumINtNtNtNtBZ_9___private2de7content19EnumRefDeserializerNtNtCs8HlL1jlbeYQ_10serde_json5error5ErrorEEBb_
FNDA:0,_RINvXNvXNvCsCnQ6bPDWhW_11s2_tilejsons8_1__NtB8_11VectorLayerNtNtCsfVmLmSPNsva_5serde2de11Deserialize11deserializeNtB3_14___FieldVisitorNtBY_7Visitor9visit_u64NtNtCs8HlL1jlbeYQ_10serde_json5error5ErrorEB8_
FNDA:22,_RINvXNvXNvCsCnQ6bPDWhW_11s2_tilejsons8_1__NtB8_11VectorLayerNtNtCsfVmLmSPNsva_5serde2de11Deserialize11deserializeNtB3_14___FieldVisitorNtBY_7Visitor9visit_strNtNtCs8HlL1jlbeYQ_10serde_json5error5ErrorEB8_
FNDA:0,_RINvXNvXNvCsCnQ6bPDWhW_11s2_tilejsons8_1__NtB8_11VectorLayerNtNtCsfVmLmSPNsva_5serde2de11Deserialize11deserializeNtB3_14___FieldVisitorNtBY_7Visitor11visit_bytesNtNtCs8HlL1jlbeYQ_10serde_json5error5ErrorEB8_
FNDA:16,_RINvXs_NvXNvCsCnQ6bPDWhW_11s2_tilejsons8_1__NtBa_11VectorLayerNtNtCsfVmLmSPNsva_5serde2de11Deserialize11deserializeNtB5_7___FieldBY_11deserializeINtNtCs8HlL1jlbeYQ_10serde_json2de6MapKeyNtNtB2o_4read7StrReadEEBa_
FNDA:6,_RINvXs_NvXNvCsCnQ6bPDWhW_11s2_tilejsons8_1__NtBa_11VectorLayerNtNtCsfVmLmSPNsva_5serde2de11Deserialize11deserializeNtB5_7___FieldBY_11deserializeINtNtNtNtB12_9___private2de7content22ContentRefDeserializerNtNtCs8HlL1jlbeYQ_10serde_json5error5ErrorEEBa_
FNDA:0,_RINvXs0_NvXNvCsCnQ6bPDWhW_11s2_tilejsons8_1__NtBb_11VectorLayerNtNtCsfVmLmSPNsva_5serde2de11Deserialize11deserializeNtB6_9___VisitorNtB11_7Visitor9visit_seqINtNtCs8HlL1jlbeYQ_10serde_json2de9SeqAccessNtNtB2z_4read7StrReadEEBb_
FNDA:0,_RINvXs0_NvXNvCsCnQ6bPDWhW_11s2_tilejsons8_1__NtBb_11VectorLayerNtNtCsfVmLmSPNsva_5serde2de11Deserialize11deserializeNtB6_9___VisitorNtB11_7Visitor9visit_seqQINtNtB11_5value15SeqDeserializerINtNtNtNtCs84nKZOVMDSH_4core4iter8adapters3map3MapINtNtNtB3a_5slice4iter4IterNtNtNtNtB13_9___private2de7content7ContentENvMsk_B4i_INtB4i_22ContentRefDeserializerNtNtCs8HlL1jlbeYQ_10serde_json5error5ErrorE3newEB5C_EEBb_
FNDA:5,_RINvXs0_NvXNvCsCnQ6bPDWhW_11s2_tilejsons8_1__NtBb_11VectorLayerNtNtCsfVmLmSPNsva_5serde2de11Deserialize11deserializeNtB6_9___VisitorNtB11_7Visitor9visit_mapINtNtCs8HlL1jlbeYQ_10serde_json2de9MapAccessNtNtB2z_4read7StrReadEEBb_
FNDA:3,_RINvXs0_NvXNvCsCnQ6bPDWhW_11s2_tilejsons8_1__NtBb_11VectorLayerNtNtCsfVmLmSPNsva_5serde2de11Deserialize11deserializeNtB6_9___VisitorNtB11_7Visitor9visit_mapQINtNtB11_5value15MapDeserializerINtNtNtNtCs84nKZOVMDSH_4core4iter8adapters3map3MapINtNtNtB3a_5slice4iter4IterTNtNtNtNtB13_9___private2de7content7ContentB4h_EENCINvB4j_21visit_content_map_refB1Q_NtNtCs8HlL1jlbeYQ_10serde_json5error5ErrorE0EB5D_EEBb_
FNDA:0,_RINvXNvXNvCsCnQ6bPDWhW_11s2_tilejsonsa_1__NtB8_6SchemeNtNtCsfVmLmSPNsva_5serde2de11Deserialize11deserializeNtB3_14___FieldVisitorNtBS_7Visitor9visit_u64NtNtCs8HlL1jlbeYQ_10serde_json5error5ErrorEB8_
FNDA:3,_RINvXNvXNvCsCnQ6bPDWhW_11s2_tilejsonsa_1__NtB8_6SchemeNtNtCsfVmLmSPNsva_5serde2de11Deserialize11deserializeNtB3_14___FieldVisitorNtBS_7Visitor9visit_strNtNtCs8HlL1jlbeYQ_10serde_json5error5ErrorEB8_
FNDA:0,_RINvXNvXNvCsCnQ6bPDWhW_11s2_tilejsonsa_1__NtB8_6SchemeNtNtCsfVmLmSPNsva_5serde2de11Deserialize11deserializeNtB3_14___FieldVisitorNtBS_7Visitor11visit_bytesNtNtCs8HlL1jlbeYQ_10serde_json5error5ErrorEB8_
FNDA:1,_RINvXs_NvXNvCsCnQ6bPDWhW_11s2_tilejsonsa_1__NtBa_6SchemeNtNtCsfVmLmSPNsva_5serde2de11Deserialize11deserializeNtB5_7___FieldBS_11deserializeINtNtNtNtBW_9___private2de7content22ContentRefDeserializerNtNtCs8HlL1jlbeYQ_10serde_json5error5ErrorEEBa_
FNDA:2,_RINvXs_NvXNvCsCnQ6bPDWhW_11s2_tilejsonsa_1__NtBa_6SchemeNtNtCsfVmLmSPNsva_5serde2de11Deserialize11deserializeNtB5_7___FieldBS_11deserializeQINtNtCs8HlL1jlbeYQ_10serde_json2de12DeserializerNtNtB2j_4read7StrReadEEBa_
FNDA:0,_RINvXs0_NvXNvCsCnQ6bPDWhW_11s2_tilejsonsa_1__NtBb_6SchemeNtNtCsfVmLmSPNsva_5serde2de11Deserialize11deserializeNtB6_9___VisitorNtBV_7Visitor10visit_enumINtNtCs8HlL1jlbeYQ_10serde_json2de13VariantAccessNtNtB2u_4read7StrReadEEBb_
FNDA:2,_RINvXs0_NvXNvCsCnQ6bPDWhW_11s2_tilejsonsa_1__NtBb_6SchemeNtNtCsfVmLmSPNsva_5serde2de11Deserialize11deserializeNtB6_9___VisitorNtBV_7Visitor10visit_enumINtNtCs8HlL1jlbeYQ_10serde_json2de17UnitVariantAccessNtNtB2u_4read7StrReadEEBb_
FNDA:1,_RINvXs0_NvXNvCsCnQ6bPDWhW_11s2_tilejsonsa_1__NtBb_6SchemeNtNtCsfVmLmSPNsva_5serde2de11Deserialize11deserializeNtB6_9___VisitorNtBV_7Visitor10visit_enumINtNtNtNtBX_9___private2de7content19EnumRefDeserializerNtNtCs8HlL1jlbeYQ_10serde_json5error5ErrorEEBb_
FNDA:0,_RINvXNvXNvCsCnQ6bPDWhW_11s2_tilejsonsc_1__NtB8_6CenterNtNtCsfVmLmSPNsva_5serde2de11Deserialize11deserializeNtB3_14___FieldVisitorNtBS_7Visitor9visit_u64NtNtCs8HlL1jlbeYQ_10serde_json5error5ErrorEB8_
FNDA:3,_RINvXNvXNvCsCnQ6bPDWhW_11s2_tilejsonsc_1__NtB8_6CenterNtNtCsfVmLmSPNsva_5serde2de11Deserialize11deserializeNtB3_14___FieldVisitorNtBS_7Visitor9visit_strNtNtCs8HlL1jlbeYQ_10serde_json5error5ErrorEB8_
FNDA:0,_RINvXNvXNvCsCnQ6bPDWhW_11s2_tilejsonsc_1__NtB8_6CenterNtNtCsfVmLmSPNsva_5serde2de11Deserialize11deserializeNtB3_14___FieldVisitorNtBS_7Visitor11visit_bytesNtNtCs8HlL1jlbeYQ_10serde_json5error5ErrorEB8_
FNDA:3,_RINvXs_NvXNvCsCnQ6bPDWhW_11s2_tilejsonsc_1__NtBa_6CenterNtNtCsfVmLmSPNsva_5serde2de11Deserialize11deserializeNtB5_7___FieldBS_11deserializeINtNtCs8HlL1jlbeYQ_10serde_json2de6MapKeyNtNtB2i_4read7StrReadEEBa_
FNDA:0,_RINvXs_NvXNvCsCnQ6bPDWhW_11s2_tilejsonsc_1__NtBa_6CenterNtNtCsfVmLmSPNsva_5serde2de11Deserialize11deserializeNtB5_7___FieldBS_11deserializeINtNtNtNtBW_9___private2de7content22ContentRefDeserializerNtNtCs8HlL1jlbeYQ_10serde_json5error5ErrorEEBa_
FNDA:0,_RINvXs0_NvXNvCsCnQ6bPDWhW_11s2_tilejsonsc_1__NtBb_6CenterNtNtCsfVmLmSPNsva_5serde2de11Deserialize11deserializeNtB6_9___VisitorNtBV_7Visitor9visit_seqINtNtCs8HlL1jlbeYQ_10serde_json2de9SeqAccessNtNtB2s_4read7StrReadEEBb_
FNDA:0,_RINvXs0_NvXNvCsCnQ6bPDWhW_11s2_tilejsonsc_1__NtBb_6CenterNtNtCsfVmLmSPNsva_5serde2de11Deserialize11deserializeNtB6_9___VisitorNtBV_7Visitor9visit_seqQINtNtBV_5value15SeqDeserializerINtNtNtNtCs84nKZOVMDSH_4core4iter8adapters3map3MapINtNtNtB32_5slice4iter4IterNtNtNtNtBX_9___private2de7content7ContentENvMsk_B4a_INtB4a_22ContentRefDeserializerNtNtCs8HlL1jlbeYQ_10serde_json5error5ErrorE3newEB5t_EEBb_
FNDA:1,_RINvXs0_NvXNvCsCnQ6bPDWhW_11s2_tilejsonsc_1__NtBb_6CenterNtNtCsfVmLmSPNsva_5serde2de11Deserialize11deserializeNtB6_9___VisitorNtBV_7Visitor9visit_mapINtNtCs8HlL1jlbeYQ_10serde_json2de9MapAccessNtNtB2s_4read7StrReadEEBb_
FNDA:0,_RINvXs0_NvXNvCsCnQ6bPDWhW_11s2_tilejsonsc_1__NtBb_6CenterNtNtCsfVmLmSPNsva_5serde2de11Deserialize11deserializeNtB6_9___VisitorNtBV_7Visitor9visit_mapQINtNtBV_5value15MapDeserializerINtNtNtNtCs84nKZOVMDSH_4core4iter8adapters3map3MapINtNtNtB32_5slice4iter4IterTNtNtNtNtBX_9___private2de7content7ContentB49_EENCINvB4b_21visit_content_map_refB1K_NtNtCs8HlL1jlbeYQ_10serde_json5error5ErrorE0EB5u_EEBb_
FNDA:0,_RINvXNvXNvCsCnQ6bPDWhW_11s2_tilejsonse_1__NtB8_8MetadataNtNtCsfVmLmSPNsva_5serde2de11Deserialize11deserializeNtB3_14___FieldVisitorNtBU_7Visitor9visit_u64NtNtCs8HlL1jlbeYQ_10serde_json5error5ErrorEB8_
FNDA:31,_RINvXNvXNvCsCnQ6bPDWhW_11s2_tilejsonse_1__NtB8_8MetadataNtNtCsfVmLmSPNsva_5serde2de11Deserialize11deserializeNtB3_14___FieldVisitorNtBU_7Visitor9visit_strNtNtCs8HlL1jlbeYQ_10serde_json5error5ErrorEB8_
FNDA:0,_RINvXNvXNvCsCnQ6bPDWhW_11s2_tilejsonse_1__NtB8_8MetadataNtNtCsfVmLmSPNsva_5serde2de11Deserialize11deserializeNtB3_14___FieldVisitorNtBU_7Visitor11visit_bytesNtNtCs8HlL1jlbeYQ_10serde_json5error5ErrorEB8_
FNDA:26,_RINvXs_NvXNvCsCnQ6bPDWhW_11s2_tilejsonse_1__NtBa_8MetadataNtNtCsfVmLmSPNsva_5serde2de11Deserialize11deserializeNtB5_7___FieldBU_11deserializeINtNtCs8HlL1jlbeYQ_10serde_json2de6MapKeyNtNtB2k_4read7StrReadEEBa_
FNDA:5,_RINvXs_NvXNvCsCnQ6bPDWhW_11s2_tilejsonse_1__NtBa_8MetadataNtNtCsfVmLmSPNsva_5serde2de11Deserialize11deserializeNtB5_7___FieldBU_11deserializeINtNtNtNtBY_9___private2de7content22ContentRefDeserializerNtNtCs8HlL1jlbeYQ_10serde_json5error5ErrorEEBa_
FNDA:0,_RINvXs0_NvXNvCsCnQ6bPDWhW_11s2_tilejsonse_1__NtBb_8MetadataNtNtCsfVmLmSPNsva_5serde2de11Deserialize11deserializeNtB6_9___VisitorNtBX_7Visitor9visit_seqINtNtCs8HlL1jlbeYQ_10serde_json2de9SeqAccessNtNtB2u_4read7StrReadEEBb_
FNDA:0,_RINvXs0_NvXNvCsCnQ6bPDWhW_11s2_tilejsonse_1__NtBb_8MetadataNtNtCsfVmLmSPNsva_5serde2de11Deserialize11deserializeNtB6_9___VisitorNtBX_7Visitor9visit_seqQINtNtBX_5value15SeqDeserializerINtNtNtNtCs84nKZOVMDSH_4core4iter8adapters3map3MapINtNtNtB34_5slice4iter4IterNtNtNtNtBZ_9___private2de7content7ContentENvMsk_B4c_INtB4c_22ContentRefDeserializerNtNtCs8HlL1jlbeYQ_10serde_json5error5ErrorE3newEB5v_EEBb_
FNDA:2,_RINvXs0_NvXNvCsCnQ6bPDWhW_11s2_tilejsonse_1__NtBb_8MetadataNtNtCsfVmLmSPNsva_5serde2de11Deserialize11deserializeNtB6_9___VisitorNtBX_7Visitor9visit_mapINtNtCs8HlL1jlbeYQ_10serde_json2de9MapAccessNtNtB2u_4read7StrReadEEBb_
FNDA:1,_RINvXs0_NvXNvCsCnQ6bPDWhW_11s2_tilejsonse_1__NtBb_8MetadataNtNtCsfVmLmSPNsva_5serde2de11Deserialize11deserializeNtB6_9___VisitorNtBX_7Visitor9visit_mapQINtNtBX_5value15MapDeserializerINtNtNtNtCs84nKZOVMDSH_4core4iter8adapters3map3MapINtNtNtB34_5slice4iter4IterTNtNtNtNtBZ_9___private2de7content7ContentB4b_EENCINvB4d_21visit_content_map_refB1M_NtNtCs8HlL1jlbeYQ_10serde_json5error5ErrorE0EB5w_EEBb_
FNDA:0,_RINvXNvXNvCsCnQ6bPDWhW_11s2_tilejsonsg_1__NtB8_22MapboxTileJSONMetadataNtNtCsfVmLmSPNsva_5serde2de11Deserialize11deserializeNtB3_14___FieldVisitorNtB19_7Visitor9visit_u64NtNtCs8HlL1jlbeYQ_10serde_json5error5ErrorEB8_
FNDA:26,_RINvXNvXNvCsCnQ6bPDWhW_11s2_tilejsonsg_1__NtB8_22MapboxTileJSONMetadataNtNtCsfVmLmSPNsva_5serde2de11Deserialize11deserializeNtB3_14___FieldVisitorNtB19_7Visitor9visit_strNtNtCs8HlL1jlbeYQ_10serde_json5error5ErrorEB8_
FNDA:0,_RINvXNvXNvCsCnQ6bPDWhW_11s2_tilejsonsg_1__NtB8_22MapboxTileJSONMetadataNtNtCsfVmLmSPNsva_5serde2de11Deserialize11deserializeNtB3_14___FieldVisitorNtB19_7Visitor11visit_bytesNtNtCs8HlL1jlbeYQ_10serde_json5error5ErrorEB8_
FNDA:13,_RINvXs_NvXNvCsCnQ6bPDWhW_11s2_tilejsonsg_1__NtBa_22MapboxTileJSONMetadataNtNtCsfVmLmSPNsva_5serde2de11Deserialize11deserializeNtB5_7___FieldB19_11deserializeINtNtCs8HlL1jlbeYQ_10serde_json2de6MapKeyNtNtB2A_4read7StrReadEEBa_
FNDA:13,_RINvXs_NvXNvCsCnQ6bPDWhW_11s2_tilejsonsg_1__NtBa_22MapboxTileJSONMetadataNtNtCsfVmLmSPNsva_5serde2de11Deserialize11deserializeNtB5_7___FieldB19_11deserializeINtNtNtNtB1d_9___private2de7content22ContentRefDeserializerNtNtCs8HlL1jlbeYQ_10serde_json5error5ErrorEEBa_
FNDA:0,_RINvXs0_NvXNvCsCnQ6bPDWhW_11s2_tilejsonsg_1__NtBb_22MapboxTileJSONMetadataNtNtCsfVmLmSPNsva_5serde2de11Deserialize11deserializeNtB6_9___VisitorNtB1c_7Visitor9visit_seqINtNtCs8HlL1jlbeYQ_10serde_json2de9SeqAccessNtNtB2K_4read7StrReadEEBb_
FNDA:0,_RINvXs0_NvXNvCsCnQ6bPDWhW_11s2_tilejsonsg_1__NtBb_22MapboxTileJSONMetadataNtNtCsfVmLmSPNsva_5serde2de11Deserialize11deserializeNtB6_9___VisitorNtB1c_7Visitor9visit_seqQINtNtB1c_5value15SeqDeserializerINtNtNtNtCs84nKZOVMDSH_4core4iter8adapters3map3MapINtNtNtB3l_5slice4iter4IterNtNtNtNtB1e_9___private2de7content7ContentENvMsk_B4t_INtB4t_22ContentRefDeserializerNtNtCs8HlL1jlbeYQ_10serde_json5error5ErrorE3newEB5N_EEBb_
FNDA:1,_RINvXs0_NvXNvCsCnQ6bPDWhW_11s2_tilejsonsg_1__NtBb_22MapboxTileJSONMetadataNtNtCsfVmLmSPNsva_5serde2de11Deserialize11deserializeNtB6_9___VisitorNtB1c_7Visitor9visit_mapINtNtCs8HlL1jlbeYQ_10serde_json2de9MapAccessNtNtB2K_4read7StrReadEEBb_
FNDA:1,_RINvXs0_NvXNvCsCnQ6bPDWhW_11s2_tilejsonsg_1__NtBb_22MapboxTileJSONMetadataNtNtCsfVmLmSPNsva_5serde2de11Deserialize11deserializeNtB6_9___VisitorNtB1c_7Visitor9visit_mapQINtNtB1c_5value15MapDeserializerINtNtNtNtCs84nKZOVMDSH_4core4iter8adapters3map3MapINtNtNtB3l_5slice4iter4IterTNtNtNtNtB1e_9___private2de7content7ContentB4s_EENCINvB4u_21visit_content_map_refB21_NtNtCs8HlL1jlbeYQ_10serde_json5error5ErrorE0EB5O_EEBb_
FNDA:0,_RNCNvNtCsCnQ6bPDWhW_11s2_tilejson5testss_8it_works0B5_
FNDA:0,_RNCNvNtCsCnQ6bPDWhW_11s2_tilejson5testss_8it_workss_0B5_
FNDA:0,_RNCNvNtCsCnQ6bPDWhW_11s2_tilejson5testss_24test_tippecanoe_metadata0B5_
FNDA:0,_RNCNvNtCsCnQ6bPDWhW_11s2_tilejson5testss_20test_mapbox_metadata0B5_
FNDA:0,_RNCNvNtCsCnQ6bPDWhW_11s2_tilejson5testss_20test_mapbox_metadatas_0B5_
FNDA:1,_RNvNtCsCnQ6bPDWhW_11s2_tilejson5testss_8it_works
FNDA:1,_RNvNtCsCnQ6bPDWhW_11s2_tilejson5testss_9test_face
FNDA:1,_RNvNtCsCnQ6bPDWhW_11s2_tilejson5testss_9test_bbox
FNDA:1,_RNvNtCsCnQ6bPDWhW_11s2_tilejson5testss_14test_tilestats
FNDA:1,_RNvNtCsCnQ6bPDWhW_11s2_tilejson5testss_15test_facebounds
FNDA:1,_RNvNtCsCnQ6bPDWhW_11s2_tilejson5testss_13test_drawtype
FNDA:1,_RNvNtCsCnQ6bPDWhW_11s2_tilejson5testss_15test_sourcetype
FNDA:1,_RNvNtCsCnQ6bPDWhW_11s2_tilejson5testss_13test_encoding
FNDA:1,_RNvNtCsCnQ6bPDWhW_11s2_tilejson5testss_11test_scheme
FNDA:1,_RNvNtCsCnQ6bPDWhW_11s2_tilejson5testss_24test_tippecanoe_metadata
FNDA:1,_RNvNtCsCnQ6bPDWhW_11s2_tilejson5testss_20test_mapbox_metadata
FNDA:8,_RNvXCsCnQ6bPDWhW_11s2_tilejsonhINtNtCs84nKZOVMDSH_4core7convert4FromNtB2_8DrawTypeE4from
FNDA:8,_RNvXs_CsCnQ6bPDWhW_11s2_tilejsonNtB4_8DrawTypeINtNtCs84nKZOVMDSH_4core7convert4FromhE4from
FNDA:12,_RNvMs2_CsCnQ6bPDWhW_11s2_tilejsonNtB5_17TileStatsMetadata3get
FNDA:7,_RNvMs2_CsCnQ6bPDWhW_11s2_tilejsonNtB5_17TileStatsMetadata9increment
FNDA:6,_RNvMs3_CsCnQ6bPDWhW_11s2_tilejsonNtB5_10FaceBounds3get
FNDA:7,_RNvMs3_CsCnQ6bPDWhW_11s2_tilejsonNtB5_10FaceBounds7get_mut
FNDA:20,_RNvXs4_CsCnQ6bPDWhW_11s2_tilejsonNtB5_10SourceTypeINtNtCs84nKZOVMDSH_4core7convert4FromReE4from
FNDA:4,_RNvXs6_CsCnQ6bPDWhW_11s2_tilejsonNtB5_8EncodingINtNtCs84nKZOVMDSH_4core7convert4FromhE4from
FNDA:4,_RNvXs7_CsCnQ6bPDWhW_11s2_tilejsonhINtNtCs84nKZOVMDSH_4core7convert4FromNtB5_8EncodingE4from
FNDA:4,_RNvXs8_CsCnQ6bPDWhW_11s2_tilejsonReINtNtCs84nKZOVMDSH_4core7convert4FromNtB5_8EncodingE4from
FNDA:8,_RNvXs9_CsCnQ6bPDWhW_11s2_tilejsonNtB5_8EncodingINtNtCs84nKZOVMDSH_4core7convert4FromReE4from
FNDA:7,_RNvXsa_CsCnQ6bPDWhW_11s2_tilejsonNtB5_6SchemeINtNtCs84nKZOVMDSH_4core7convert4FromReE4from
FNDA:5,_RNvXsb_CsCnQ6bPDWhW_11s2_tilejsonReINtNtCs84nKZOVMDSH_4core7convert4FromNtB5_6SchemeE4from
FNDA:1,_RNvXsc_CsCnQ6bPDWhW_11s2_tilejsonNtB5_8MetadataNtNtCs84nKZOVMDSH_4core7default7Default7default
FNDA:2,_RNvMsd_CsCnQ6bPDWhW_11s2_tilejsonNtB5_22MapboxTileJSONMetadata11to_metadata
FNDA:1,_RNvMse_CsCnQ6bPDWhW_11s2_tilejsonNtB5_15UnknownMetadata11to_metadata
FNDA:1,_RNvXsf_CsCnQ6bPDWhW_11s2_tilejsonNtB5_15MetadataBuilderNtNtCs84nKZOVMDSH_4core7default7Default7default
FNDA:1,_RNvMsg_CsCnQ6bPDWhW_11s2_tilejsonNtB5_15MetadataBuilder6commit
FNDA:1,_RNvMsg_CsCnQ6bPDWhW_11s2_tilejsonNtB5_15MetadataBuilder8set_name
FNDA:1,_RNvMsg_CsCnQ6bPDWhW_11s2_tilejsonNtB5_15MetadataBuilder10set_scheme
FNDA:1,_RNvMsg_CsCnQ6bPDWhW_11s2_tilejsonNtB5_15MetadataBuilder13set_extension
FNDA:1,_RNvMsg_CsCnQ6bPDWhW_11s2_tilejsonNtB5_15MetadataBuilder8set_type
FNDA:1,_RNvMsg_CsCnQ6bPDWhW_11s2_tilejsonNtB5_15MetadataBuilder11set_version
FNDA:1,_RNvMsg_CsCnQ6bPDWhW_11s2_tilejsonNtB5_15MetadataBuilder15set_description
FNDA:1,_RNvMsg_CsCnQ6bPDWhW_11s2_tilejsonNtB5_15MetadataBuilder12set_encoding
FNDA:1,_RNvMsg_CsCnQ6bPDWhW_11s2_tilejsonNtB5_15MetadataBuilder15add_attribution
FNDA:1,_RNvMsg_CsCnQ6bPDWhW_11s2_tilejsonNtB5_15MetadataBuilder9add_layer
FNDA:1,_RNvMsg_CsCnQ6bPDWhW_11s2_tilejsonNtB5_15MetadataBuilder11add_tile_wm
FNDA:1,_RNvMsg_CsCnQ6bPDWhW_11s2_tilejsonNtB5_15MetadataBuilder11add_tile_s2
FNDA:1,_RNvMsg_CsCnQ6bPDWhW_11s2_tilejsonNtB5_15MetadataBuilder13update_center
FNDA:1,_RNvMsg_CsCnQ6bPDWhW_11s2_tilejsonNtB5_15MetadataBuilder13add_bounds_wm
FNDA:1,_RNvMsg_CsCnQ6bPDWhW_11s2_tilejsonNtB5_15MetadataBuilder13add_bounds_s2
FNDA:2,_RNvMsg_CsCnQ6bPDWhW_11s2_tilejsonNtB5_15MetadataBuilder21update_lon_lat_bounds
FNDA:0,_RNvXNvXNvCsCnQ6bPDWhW_11s2_tilejsons_1__NtB7_13LayerMetaDataNtNtCsfVmLmSPNsva_5serde2de11Deserialize11deserializeNtB2_14___FieldVisitorNtBY_7Visitor9expecting
FNDA:0,_RNvXs0_NvXNvCsCnQ6bPDWhW_11s2_tilejsons_1__NtBa_13LayerMetaDataNtNtCsfVmLmSPNsva_5serde2de11Deserialize11deserializeNtB5_9___VisitorNtB11_7Visitor9expecting
FNDA:0,_RNvXNvXNvCsCnQ6bPDWhW_11s2_tilejsons1_1__NtB7_17TileStatsMetadataNtNtCsfVmLmSPNsva_5serde2de11Deserialize11deserializeNtB2_14___FieldVisitorNtB13_7Visitor9expecting
FNDA:0,_RNvXs0_NvXNvCsCnQ6bPDWhW_11s2_tilejsons1_1__NtBa_17TileStatsMetadataNtNtCsfVmLmSPNsva_5serde2de11Deserialize11deserializeNtB5_9___VisitorNtB16_7Visitor9expecting
FNDA:0,_RNvXNvXNvCsCnQ6bPDWhW_11s2_tilejsons3_1__NtB7_10FaceBoundsNtNtCsfVmLmSPNsva_5serde2de11Deserialize11deserializeNtB2_14___FieldVisitorNtBW_7Visitor9expecting
FNDA:0,_RNvXs0_NvXNvCsCnQ6bPDWhW_11s2_tilejsons3_1__NtBa_10FaceBoundsNtNtCsfVmLmSPNsva_5serde2de11Deserialize11deserializeNtB5_9___VisitorNtBZ_7Visitor9expecting
FNDA:0,_RNvXNvXNvCsCnQ6bPDWhW_11s2_tilejsons6_1__NtB7_8EncodingNtNtCsfVmLmSPNsva_5serde2de11Deserialize11deserializeNtB2_14___FieldVisitorNtBT_7Visitor9expecting
FNDA:0,_RNvXNvXNvCsCnQ6bPDWhW_11s2_tilejsons8_1__NtB7_11VectorLayerNtNtCsfVmLmSPNsva_5serde2de11Deserialize11deserializeNtB2_14___FieldVisitorNtBX_7Visitor9expecting
FNDA:0,_RNvXs0_NvXNvCsCnQ6bPDWhW_11s2_tilejsons8_1__NtBa_11VectorLayerNtNtCsfVmLmSPNsva_5serde2de11Deserialize11deserializeNtB5_9___VisitorNtB10_7Visitor9expecting
FNDA:0,_RNvXNvXNvCsCnQ6bPDWhW_11s2_tilejsonsa_1__NtB7_6SchemeNtNtCsfVmLmSPNsva_5serde2de11Deserialize11deserializeNtB2_14___FieldVisitorNtBR_7Visitor9expecting
FNDA:0,_RNvXNvXNvCsCnQ6bPDWhW_11s2_tilejsonsc_1__NtB7_6CenterNtNtCsfVmLmSPNsva_5serde2de11Deserialize11deserializeNtB2_14___FieldVisitorNtBR_7Visitor9expecting
FNDA:0,_RNvXs0_NvXNvCsCnQ6bPDWhW_11s2_tilejsonsc_1__NtBa_6CenterNtNtCsfVmLmSPNsva_5serde2de11Deserialize11deserializeNtB5_9___VisitorNtBU_7Visitor9expecting
FNDA:0,_RNvXNvXNvCsCnQ6bPDWhW_11s2_tilejsonse_1__NtB7_8MetadataNtNtCsfVmLmSPNsva_5serde2de11Deserialize11deserializeNtB2_14___FieldVisitorNtBT_7Visitor9expecting
FNDA:0,_RNvXs0_NvXNvCsCnQ6bPDWhW_11s2_tilejsonse_1__NtBa_8MetadataNtNtCsfVmLmSPNsva_5serde2de11Deserialize11deserializeNtB5_9___VisitorNtBW_7Visitor9expecting
FNDA:0,_RNvXNvXNvCsCnQ6bPDWhW_11s2_tilejsonsg_1__NtB7_22MapboxTileJSONMetadataNtNtCsfVmLmSPNsva_5serde2de11Deserialize11deserializeNtB2_14___FieldVisitorNtB18_7Visitor9expecting
FNDA:0,_RNvXs0_NvXNvCsCnQ6bPDWhW_11s2_tilejsonsg_1__NtBa_22MapboxTileJSONMetadataNtNtCsfVmLmSPNsva_5serde2de11Deserialize11deserializeNtB5_9___VisitorNtB1b_7Visitor9expecting
FNF:61
FNH:56
DA:46,8
DA:47,8
DA:48,8
DA:51,8
DA:52,8
DA:53,1
DA:54,1
DA:55,1
DA:56,1
DA:57,1
DA:58,1
DA:59,1
DA:60,1
DA:62,8
DA:65,2
DA:66,2
DA:67,2
DA:68,2
DA:69,2
DA:70,2
DA:71,2
DA:75,10
DA:76,10
DA:77,10
DA:78,10
DA:80,10
DA:81,10
DA:82,1
DA:83,2
DA:84,1
DA:85,1
DA:86,1
DA:87,1
DA:88,1
DA:89,1
DA:90,1
DA:92,10
DA:96,6
DA:118,19
DA:144,12
DA:145,12
DA:146,2
DA:147,2
DA:148,2
DA:149,2
DA:150,2
DA:151,2
DA:153,12
DA:156,7
DA:157,7
DA:158,1
DA:159,2
DA:160,1
DA:161,1
DA:162,1
DA:163,1
DA:165,7
DA:166,7
DA:174,14
DA:198,6
DA:199,6
DA:200,1
DA:201,1
DA:202,1
DA:203,1
DA:204,1
DA:205,1
DA:207,6
DA:210,7
DA:211,7
DA:212,1
DA:213,2
DA:214,1
DA:215,1
DA:216,1
DA:217,1
DA:219,7
DA:248,20
DA:249,20
DA:250,20
DA:251,13
DA:252,11
DA:253,9
DA:254,7
DA:255,5
DA:256,3
DA:258,20
DA:261,9
DA:262,9
DA:263,9
DA:264,9
DA:266,9
DA:267,9
DA:268,9
DA:272,10
DA:287,4
DA:288,4
DA:289,1
DA:290,1
DA:291,1
DA:292,1
DA:294,4
DA:297,4
DA:298,4
DA:299,1
DA:300,1
DA:301,1
DA:302,1
DA:304,4
DA:307,4
DA:308,4
DA:309,1
DA:310,1
DA:311,1
DA:312,1
DA:314,4
DA:317,8
DA:318,8
DA:319,8
DA:320,7
DA:321,6
DA:322,5
DA:324,8
DA:328,30
DA:349,6
DA:365,7
DA:366,7
DA:367,7
DA:368,4
DA:369,3
DA:370,2
DA:371,1
DA:373,7
DA:376,5
DA:377,5
DA:378,1
DA:379,1
DA:380,1
DA:381,1
DA:382,1
DA:384,5
DA:388,4
DA:399,34
DA:457,1
DA:458,1
DA:459,1
DA:460,1
DA:461,1
DA:462,1
DA:463,1
DA:464,1
DA:465,1
DA:466,1
DA:467,1
DA:468,1
DA:469,1
DA:470,1
DA:471,1
DA:472,1
DA:473,1
DA:474,1
DA:475,1
DA:476,1
DA:477,1
DA:478,1
DA:494,28
DA:534,2
DA:535,2
DA:536,2
DA:537,2
DA:538,2
DA:539,2
DA:540,2
DA:541,2
DA:542,2
DA:543,2
DA:544,2
DA:545,2
DA:546,2
DA:547,2
DA:548,2
DA:549,2
DA:550,2
DA:551,2
DA:552,2
DA:553,2
DA:554,2
DA:555,2
DA:556,2
DA:557,2
DA:558,2
DA:559,2
DA:573,1
DA:574,1
DA:575,0
DA:576,1
DA:578,1
DA:589,1
DA:590,1
DA:591,1
DA:592,1
DA:593,1
DA:594,1
DA:595,1
DA:596,1
DA:597,1
DA:598,1
DA:599,1
DA:600,1
DA:604,1
DA:605,1
DA:606,1
DA:608,3
DA:609,2
DA:610,2
DA:612,1
DA:613,1
DA:616,1
DA:617,1
DA:618,1
DA:621,1
DA:622,1
DA:623,1
DA:626,1
DA:627,1
DA:628,1
DA:631,1
DA:632,1
DA:633,1
DA:636,1
DA:637,1
DA:638,1
DA:641,1
DA:642,1
DA:643,1
DA:646,1
DA:647,1
DA:648,1
DA:651,1
DA:652,1
DA:653,1
DA:656,1
DA:657,1
DA:658,1
DA:659,1
DA:660,1
DA:661,1
DA:662,1
DA:663,1
DA:664,1
DA:665,1
DA:666,1
DA:667,1
DA:669,1
DA:670,1
DA:671,1
DA:672,1
DA:673,1
DA:674,1
DA:675,1
DA:678,1
DA:679,1
DA:680,1
DA:681,1
DA:682,1
DA:683,1
DA:686,1
DA:687,1
DA:688,1
DA:689,1
DA:690,1
DA:691,1
DA:694,1
DA:695,1
DA:696,1
DA:697,1
DA:698,1
DA:699,1
DA:700,1
DA:703,1
DA:704,1
DA:705,1
DA:706,1
DA:707,1
DA:708,1
DA:709,1
DA:710,1
DA:711,1
DA:712,1
DA:713,1
DA:714,1
DA:715,1
DA:716,1
DA:717,1
DA:720,1
DA:721,1
DA:722,1
DA:723,1
DA:724,1
DA:725,1
DA:726,1
DA:727,1
DA:728,1
DA:729,1
DA:730,1
DA:731,1
DA:732,1
DA:733,1
DA:734,1
DA:737,2
DA:738,2
DA:739,2
DA:740,2
DA:741,2
DA:742,2
DA:752,1
DA:753,1
DA:754,1
DA:755,1
DA:756,1
DA:757,1
DA:758,1
DA:759,1
DA:760,1
DA:761,1
DA:762,1
DA:763,1
DA:764,1
DA:765,1
DA:766,1
DA:767,1
DA:768,1
DA:769,1
DA:770,1
DA:771,1
DA:772,1
DA:773,1
DA:774,1
DA:775,1
DA:776,1
DA:777,1
DA:778,1
DA:779,1
DA:780,1
DA:781,1
DA:782,1
DA:783,1
DA:784,1
DA:785,1
DA:786,1
DA:787,1
DA:788,1
DA:789,1
DA:790,1
DA:791,1
DA:792,1
DA:793,1
DA:794,1
DA:795,1
DA:796,1
DA:797,1
DA:798,1
DA:799,1
DA:800,1
DA:801,1
DA:802,1
DA:803,1
DA:804,1
DA:805,1
DA:806,1
DA:807,1
DA:808,1
DA:809,1
DA:810,1
DA:811,1
DA:812,1
DA:813,1
DA:814,1
DA:815,1
DA:816,1
DA:817,1
DA:818,1
DA:819,1
DA:820,1
DA:821,1
DA:822,1
DA:823,1
DA:824,1
DA:825,1
DA:826,1
DA:827,1
DA:828,1
DA:829,1
DA:830,1
DA:831,1
DA:832,1
DA:833,1
DA:834,1
DA:835,1
DA:836,1
DA:837,1
DA:838,1
DA:839,1
DA:840,1
DA:841,1
DA:842,1
DA:843,1
DA:844,1
DA:845,1
DA:846,1
DA:847,1
DA:848,1
DA:849,1
DA:850,1
DA:851,1
DA:852,1
DA:853,1
DA:854,1
DA:855,1
DA:856,1
DA:857,1
DA:858,1
DA:859,1
DA:860,1
DA:861,1
DA:862,1
DA:863,1
DA:864,1
DA:865,1
DA:866,1
DA:867,1
DA:868,1
DA:869,1
DA:870,1
DA:871,1
DA:872,1
DA:873,1
DA:874,1
DA:875,1
DA:876,1
DA:877,1
DA:879,1
DA:880,1
DA:881,1
DA:883,1
DA:884,1
DA:885,1
DA:886,1
DA:889,1
DA:890,1
DA:891,1
DA:892,1
DA:893,1
DA:894,1
DA:895,1
DA:897,1
DA:898,1
DA:899,1
DA:900,1
DA:901,1
DA:902,1
DA:903,1
DA:906,1
DA:907,1
DA:908,1
DA:909,1
DA:910,1
DA:911,1
DA:912,1
DA:913,1
DA:917,1
DA:918,1
DA:919,1
DA:920,1
DA:921,1
DA:922,1
DA:923,1
DA:924,1
DA:925,1
DA:926,1
DA:927,1
DA:928,1
DA:929,1
DA:930,1
DA:931,1
DA:934,1
DA:936,1
DA:937,1
DA:940,1
DA:942,1
DA:943,1
DA:946,1
DA:948,1
DA:949,1
DA:952,1
DA:954,1
DA:955,1
DA:958,1
DA:960,1
DA:961,1
DA:964,1
DA:966,1
DA:967,1
DA:968,1
DA:972,1
DA:973,1
DA:974,1
DA:975,1
DA:976,1
DA:977,1
DA:978,1
DA:979,1
DA:980,1
DA:981,1
DA:982,1
DA:983,1
DA:984,1
DA:985,1
DA:986,1
DA:987,1
DA:988,1
DA:989,1
DA:990,1
DA:991,1
DA:992,1
DA:993,1
DA:994,1
DA:995,1
DA:996,1
DA:997,1
DA:998,1
DA:1000,1
DA:1001,1
DA:1002,1
DA:1003,1
DA:1005,1
DA:1006,1
DA:1007,1
DA:1008,1
DA:1010,1
DA:1011,1
DA:1012,1
DA:1013,1
DA:1015,1
DA:1016,1
DA:1017,1
DA:1018,1
DA:1020,1
DA:1021,1
DA:1022,1
DA:1023,1
DA:1026,1
DA:1027,1
DA:1028,1
DA:1029,1
DA:1030,1
DA:1031,1
DA:1032,1
DA:1033,1
DA:1034,1
DA:1038,1
DA:1039,1
DA:1040,1
DA:1041,1
DA:1042,1
DA:1043,1
DA:1044,1
DA:1045,1
DA:1046,1
DA:1048,1
DA:1049,1
DA:1050,1
DA:1051,1
DA:1052,1
DA:1053,1
DA:1054,1
DA:1055,1
DA:1058,1
DA:1059,1
DA:1060,1
DA:1061,1
DA:1063,1
DA:1064,1
DA:1066,1
DA:1067,1
DA:1069,1
DA:1070,1
DA:1072,1
DA:1073,1
DA:1075,1
DA:1076,1
DA:1078,1
DA:1079,1
DA:1081,1
DA:1082,1
DA:1084,1
DA:1085,1
DA:1089,1
DA:1090,1
DA:1091,1
DA:1092,1
DA:1093,1
DA:1094,1
DA:1095,1
DA:1096,1
DA:1097,1
DA:1100,1
DA:1101,1
DA:1102,1
DA:1103,1
DA:1106,1
DA:1107,1
DA:1108,1
DA:1109,1
DA:1112,1
DA:1113,1
DA:1114,1
DA:1115,1
DA:1118,1
DA:1119,1
DA:1120,1
DA:1121,1
DA:1124,1
DA:1125,1
DA:1126,1
DA:1127,1
DA:1130,1
DA:1131,1
DA:1132,1
DA:1133,1
DA:1136,1
DA:1137,1
DA:1138,1
DA:1139,1
DA:1140,1
DA:1144,1
DA:1145,1
DA:1146,1
DA:1147,1
DA:1148,1
DA:1149,1
DA:1152,1
DA:1153,1
DA:1154,1
DA:1155,1
DA:1158,1
DA:1159,1
DA:1160,1
DA:1161,1
DA:1164,1
DA:1165,1
DA:1166,1
DA:1167,1
DA:1170,1
DA:1171,1
DA:1172,1
DA:1173,1
DA:1176,1
DA:1177,1
DA:1178,1
DA:1179,1
DA:1182,1
DA:1183,1
DA:1184,1
DA:1185,1
DA:1188,1
DA:1189,1
DA:1190,1
DA:1191,1
DA:1192,1
DA:1196,1
DA:1197,1
DA:1198,1
DA:1199,1
DA:1200,1
DA:1201,1
DA:1202,1
DA:1205,1
DA:1206,1
DA:1207,1
DA:1208,1
DA:1209,1
DA:1210,1
DA:1213,1
DA:1214,1
DA:1215,1
DA:1216,1
DA:1217,1
DA:1218,1
DA:1219,1
DA:1220,1
DA:1221,1
DA:1222,1
DA:1223,1
DA:1224,1
DA:1225,1
DA:1226,1
DA:1227,1
DA:1228,1
DA:1229,1
DA:1230,1
DA:1231,1
DA:1232,1
DA:1233,1
DA:1234,1
DA:1235,1
DA:1236,1
DA:1237,1
DA:1238,1
DA:1239,1
DA:1240,1
DA:1241,1
DA:1242,1
DA:1243,1
DA:1244,1
DA:1245,1
DA:1246,1
DA:1249,1
DA:1250,1
DA:1251,1
DA:1252,1
DA:1253,1
DA:1254,1
DA:1255,1
DA:1256,1
DA:1257,1
DA:1258,1
DA:1259,1
DA:1260,1
DA:1261,1
DA:1262,1
DA:1263,1
DA:1264,1
DA:1265,1
DA:1266,1
DA:1267,1
DA:1268,1
DA:1269,1
DA:1270,1
DA:1271,1
DA:1272,1
DA:1273,1
DA:1274,1
DA:1275,1
DA:1276,1
DA:1277,1
DA:1278,1
DA:1279,1
DA:1280,1
DA:1281,1
DA:1282,1
DA:1283,1
DA:1284,1
DA:1285,1
DA:1286,1
DA:1287,1
DA:1288,1
DA:1289,1
DA:1290,1
DA:1291,1
DA:1292,1
DA:1293,1
DA:1294,1
DA:1295,1
DA:1296,1
DA:1297,1
DA:1298,1
DA:1299,1
DA:1300,1
DA:1301,1
DA:1302,1
DA:1303,1
DA:1304,1
DA:1305,1
DA:1306,1
DA:1307,1
DA:1308,1
DA:1309,1
DA:1310,1
DA:1311,1
DA:1312,1
DA:1313,1
DA:1314,1
DA:1315,1
DA:1316,1
DA:1317,1
DA:1318,1
DA:1320,1
DA:1321,1
DA:1322,1
DA:1323,1
DA:1324,1
DA:1325,1
DA:1326,1
DA:1327,1
DA:1328,1
DA:1329,1
DA:1330,1
DA:1331,1
DA:1332,1
DA:1333,1
DA:1334,1
DA:1335,1
DA:1336,1
DA:1337,1
DA:1338,1
DA:1339,1
DA:1340,1
DA:1341,1
DA:1342,1
DA:1343,1
DA:1344,1
DA:1345,1
DA:1346,1
BRF:0
BRH:0
LF:819
LH:813
end_of_record